#
# There is insufficient memory for the Java Runtime Environment to continue.
# Native memory allocation (malloc) failed to allocate 1991536 bytes. Error detail: Chunk::new
# Possible reasons:
#   The system is out of physical RAM or swap space
#   This process is running with CompressedOops enabled, and the Java Heap may be blocking the growth of the native heap
# Possible solutions:
#   Reduce memory load on the system
#   Increase physical memory or swap space
#   Check if swap backing store is full
#   Decrease Java heap size (-Xmx/-Xms)
#   Decrease number of Java threads
#   Decrease Java thread stack sizes (-Xss)
#   Set larger code cache with -XX:ReservedCodeCacheSize=
#   JVM is running with Unscaled Compressed Oops mode in which the Java heap is
#     placed in the first 4GB address space. The Java Heap base address is the
#     maximum limit for the native heap growth. Please use -XX:HeapBaseMinAddress
#     to set the Java Heap base and to place the Java Heap above 4GB virtual address.
# This output file may be truncated or incomplete.
#
#  Out of Memory Error (arena.cpp:191), pid=10600, tid=20536
#
# JRE version: OpenJDK Runtime Environment Temurin-17.0.12+7 (17.0.12+7) (build 17.0.12+7)
# Java VM: OpenJDK 64-Bit Server VM Temurin-17.0.12+7 (17.0.12+7, mixed mode, tiered, compressed oops, compressed class ptrs, parallel gc, windows-amd64)
# No core dump will be written. Minidumps are not enabled by default on client versions of Windows
#

---------------  S U M M A R Y ------------

Command Line: --add-modules=ALL-SYSTEM --add-opens=java.base/java.util=ALL-UNNAMED --add-opens=java.base/java.lang=ALL-UNNAMED --add-opens=java.base/sun.nio.fs=ALL-UNNAMED -Declipse.application=org.eclipse.jdt.ls.core.id1 -Dosgi.bundles.defaultStartLevel=4 -Declipse.product=org.eclipse.jdt.ls.core.product -Djava.import.generatesMetadataFilesAtProjectRoot=false -DDetectVMInstallationsJob.disabled=true -Dfile.encoding=utf8 -XX:+UseParallelGC -XX:GCTimeRatio=4 -XX:AdaptiveSizePolicyWeight=90 -Dsun.zip.disableMemoryMapping=true -Xmx1G -Xms100m -Xlog:disable -javaagent:c:\Users\user\.vscode\extensions\redhat.java-1.34.0-win32-x64\lombok\lombok-1.18.33.jar -XX:+HeapDumpOnOutOfMemoryError -XX:HeapDumpPath=c:\Users\user\AppData\Roaming\Code\User\workspaceStorage\a669838097043aebdc5896f5764c4eb6\redhat.java -Daether.dependencyCollector.impl=bf c:\Users\user\.vscode\extensions\redhat.java-1.34.0-win32-x64\server\plugins\org.eclipse.equinox.launcher_1.6.900.v20240613-2009.jar -configuration c:\Users\user\AppData\Roaming\Code\User\globalStorage\redhat.java\1.34.0\config_win -data c:\Users\user\AppData\Roaming\Code\User\workspaceStorage\a669838097043aebdc5896f5764c4eb6\redhat.java\jdt_ws --pipe=\\.\pipe\lsp-ca9709269db9caabcfa1e076237eedaa-sock

Host: Intel(R) Core(TM) i7-6600U CPU @ 2.60GHz, 4 cores, 15G,  Windows 10 , 64 bit Build 19041 (10.0.19041.4842)
Time: Mon Sep 23 21:03:50 2024 Hora oficial do Brasil elapsed time: 162.578577 seconds (0d 0h 2m 42s)

---------------  T H R E A D  ---------------

Current thread (0x000001a4acbe9a80):  JavaThread "C2 CompilerThread0" daemon [_thread_in_native, id=20536, stack(0x00000038b2200000,0x00000038b2300000)]


Current CompileTask:
C2: 162578 15351       4       org.eclipse.jdt.internal.compiler.lookup.PackageBinding::getTypeOrPackage (368 bytes)

Stack: [0x00000038b2200000,0x00000038b2300000]
Native frames: (J=compiled Java code, j=interpreted, Vv=VM code, C=native code)
V  [jvm.dll+0x67f929]
V  [jvm.dll+0x8371ba]
V  [jvm.dll+0x838c7e]
V  [jvm.dll+0x8392e3]
V  [jvm.dll+0x24834f]
V  [jvm.dll+0xac9d4]
V  [jvm.dll+0xad01c]
V  [jvm.dll+0x367452]
V  [jvm.dll+0x33197a]
V  [jvm.dll+0x330e1a]
V  [jvm.dll+0x21a8b1]
V  [jvm.dll+0x219cf1]
V  [jvm.dll+0x1a58bd]
V  [jvm.dll+0x229a2d]
V  [jvm.dll+0x227bdc]
V  [jvm.dll+0x7ec1f7]
V  [jvm.dll+0x7e65dc]
V  [jvm.dll+0x67e7f7]
C  [ucrtbase.dll+0x21bb2]
C  [KERNEL32.DLL+0x17374]
C  [ntdll.dll+0x4cc91]


---------------  P R O C E S S  ---------------

Threads class SMR info:
_java_thread_list=0x000001a4b3a21ed0, length=43, elements={
0x000001a498d707e0, 0x000001a4acbb1020, 0x000001a4acbb2240, 0x000001a4acbdd980,
0x000001a4acbde710, 0x000001a4acbdf4a0, 0x000001a4acbe8dd0, 0x000001a4acbe9a80,
0x000001a4b1e2fd00, 0x000001a4b1e309c0, 0x000001a4b1e58a60, 0x000001a4b21e4ab0,
0x000001a4b25a7f80, 0x000001a4b2b57610, 0x000001a4b2622f00, 0x000001a4b2d036f0,
0x000001a4b29620a0, 0x000001a4b3048cb0, 0x000001a4b30496d0, 0x000001a4b3049be0,
0x000001a4b304a600, 0x000001a4b304a0f0, 0x000001a4b41c6510, 0x000001a4b41c7e60,
0x000001a4b41c6f30, 0x000001a4b41c3c90, 0x000001a4b41c7440, 0x000001a4b41c0f00,
0x000001a4b41c5af0, 0x000001a4b41c2850, 0x000001a4b41c3780, 0x000001a4b41c2340,
0x000001a4b41c7950, 0x000001a4b41c6000, 0x000001a4b41c8370, 0x000001a4b41c1920,
0x000001a4b41c8880, 0x000001a4b41c1410, 0x000001a4b41c3270, 0x000001a4b41c4bc0,
0x000001a4b41c55e0, 0x000001a4b25a2900, 0x000001a4b259cde0
}

Java Threads: ( => current thread )
  0x000001a498d707e0 JavaThread "main" [_thread_blocked, id=20688, stack(0x00000038b1900000,0x00000038b1a00000)]
  0x000001a4acbb1020 JavaThread "Reference Handler" daemon [_thread_blocked, id=6872, stack(0x00000038b1c00000,0x00000038b1d00000)]
  0x000001a4acbb2240 JavaThread "Finalizer" daemon [_thread_blocked, id=22964, stack(0x00000038b1d00000,0x00000038b1e00000)]
  0x000001a4acbdd980 JavaThread "Signal Dispatcher" daemon [_thread_blocked, id=21260, stack(0x00000038b1e00000,0x00000038b1f00000)]
  0x000001a4acbde710 JavaThread "Attach Listener" daemon [_thread_blocked, id=23016, stack(0x00000038b1f00000,0x00000038b2000000)]
  0x000001a4acbdf4a0 JavaThread "Service Thread" daemon [_thread_blocked, id=23100, stack(0x00000038b2000000,0x00000038b2100000)]
  0x000001a4acbe8dd0 JavaThread "Monitor Deflation Thread" daemon [_thread_blocked, id=17720, stack(0x00000038b2100000,0x00000038b2200000)]
=>0x000001a4acbe9a80 JavaThread "C2 CompilerThread0" daemon [_thread_in_native, id=20536, stack(0x00000038b2200000,0x00000038b2300000)]
  0x000001a4b1e2fd00 JavaThread "C1 CompilerThread0" daemon [_thread_blocked, id=17692, stack(0x00000038b2300000,0x00000038b2400000)]
  0x000001a4b1e309c0 JavaThread "Sweeper thread" daemon [_thread_blocked, id=9096, stack(0x00000038b2400000,0x00000038b2500000)]
  0x000001a4b1e58a60 JavaThread "Common-Cleaner" daemon [_thread_blocked, id=24328, stack(0x00000038b2500000,0x00000038b2600000)]
  0x000001a4b21e4ab0 JavaThread "Notification Thread" daemon [_thread_blocked, id=22600, stack(0x00000038b2600000,0x00000038b2700000)]
  0x000001a4b25a7f80 JavaThread "Active Thread: Equinox Container: b0a603f9-93ab-4f70-b4fb-8ca7b94cccc6" [_thread_blocked, id=21320, stack(0x00000038b2c00000,0x00000038b2d00000)]
  0x000001a4b2b57610 JavaThread "Framework Event Dispatcher: Equinox Container: b0a603f9-93ab-4f70-b4fb-8ca7b94cccc6" daemon [_thread_blocked, id=14524, stack(0x00000038b2d00000,0x00000038b2e00000)]
  0x000001a4b2622f00 JavaThread "Start Level: Equinox Container: b0a603f9-93ab-4f70-b4fb-8ca7b94cccc6" daemon [_thread_blocked, id=21180, stack(0x00000038b2e00000,0x00000038b2f00000)]
  0x000001a4b2d036f0 JavaThread "Bundle File Closer" daemon [_thread_blocked, id=20140, stack(0x00000038b2f00000,0x00000038b3000000)]
  0x000001a4b29620a0 JavaThread "SCR Component Actor" daemon [_thread_blocked, id=21772, stack(0x00000038b3000000,0x00000038b3100000)]
  0x000001a4b3048cb0 JavaThread "Worker-JM" [_thread_blocked, id=6684, stack(0x00000038b3100000,0x00000038b3200000)]
  0x000001a4b30496d0 JavaThread "JNA Cleaner" daemon [_thread_blocked, id=7816, stack(0x00000038b3200000,0x00000038b3300000)]
  0x000001a4b3049be0 JavaThread "Worker-0" [_thread_blocked, id=23128, stack(0x00000038b3300000,0x00000038b3400000)]
  0x000001a4b304a600 JavaThread "Worker-1" [_thread_blocked, id=20112, stack(0x00000038b3400000,0x00000038b3500000)]
  0x000001a4b304a0f0 JavaThread "Java indexing" daemon [_thread_in_native, id=20196, stack(0x00000038b3600000,0x00000038b3700000)]
  0x000001a4b41c6510 JavaThread "Worker-2" [_thread_blocked, id=19008, stack(0x00000038b3700000,0x00000038b3800000)]
  0x000001a4b41c7e60 JavaThread "Thread-2" daemon [_thread_in_native, id=13040, stack(0x00000038b3a00000,0x00000038b3b00000)]
  0x000001a4b41c6f30 JavaThread "Thread-3" daemon [_thread_in_native, id=21820, stack(0x00000038b3b00000,0x00000038b3c00000)]
  0x000001a4b41c3c90 JavaThread "Thread-4" daemon [_thread_in_native, id=23308, stack(0x00000038b3c00000,0x00000038b3d00000)]
  0x000001a4b41c7440 JavaThread "Thread-5" daemon [_thread_in_native, id=15524, stack(0x00000038b3d00000,0x00000038b3e00000)]
  0x000001a4b41c0f00 JavaThread "Thread-6" daemon [_thread_in_native, id=23544, stack(0x00000038b3e00000,0x00000038b3f00000)]
  0x000001a4b41c5af0 JavaThread "pool-2-thread-1" [_thread_blocked, id=17924, stack(0x00000038b3f00000,0x00000038b4000000)]
  0x000001a4b41c2850 JavaThread "WorkspaceEventsHandler" [_thread_blocked, id=23464, stack(0x00000038b4000000,0x00000038b4100000)]
  0x000001a4b41c3780 JavaThread "pool-1-thread-1" [_thread_blocked, id=22292, stack(0x00000038b4100000,0x00000038b4200000)]
  0x000001a4b41c2340 JavaThread "Worker-3" [_thread_blocked, id=4268, stack(0x00000038b4300000,0x00000038b4400000)]
  0x000001a4b41c7950 JavaThread "Compiler Source File Reader" daemon [_thread_blocked, id=22320, stack(0x00000038b4200000,0x00000038b4300000)]
  0x000001a4b41c6000 JavaThread "Worker-4" [_thread_blocked, id=23816, stack(0x00000038b2b00000,0x00000038b2c00000)]
  0x000001a4b41c8370 JavaThread "Worker-5" [_thread_blocked, id=13308, stack(0x00000038b4400000,0x00000038b4500000)]
  0x000001a4b41c1920 JavaThread "Compiler Processing Task" daemon [_thread_blocked, id=24076, stack(0x00000038b4600000,0x00000038b4700000)]
  0x000001a4b41c8880 JavaThread "ForkJoinPool.commonPool-worker-1" daemon [_thread_blocked, id=5244, stack(0x00000038b4700000,0x00000038b4800000)]
  0x000001a4b41c1410 JavaThread "ForkJoinPool.commonPool-worker-2" daemon [_thread_blocked, id=19588, stack(0x00000038b4800000,0x00000038b4900000)]
  0x000001a4b41c3270 JavaThread "ForkJoinPool.commonPool-worker-3" daemon [_thread_blocked, id=13644, stack(0x00000038b4500000,0x00000038b4600000)]
  0x000001a4b41c4bc0 JavaThread "Compiler Source File Reader" daemon [_thread_blocked, id=20472, stack(0x00000038b4b00000,0x00000038b4c00000)]
  0x000001a4b41c55e0 JavaThread "pool-1-thread-2" [_thread_blocked, id=14636, stack(0x00000038b4a00000,0x00000038b4b00000)]
  0x000001a4b25a2900 JavaThread "Cleaner-0" daemon [_thread_blocked, id=18920, stack(0x00000038b1800000,0x00000038b1900000)]
  0x000001a4b259cde0 JavaThread "pool-1-thread-3" [_thread_blocked, id=16156, stack(0x00000038b4900000,0x00000038b4a00000)]

Other Threads:
  0x000001a498df8f50 VMThread "VM Thread" [stack: 0x00000038b1b00000,0x00000038b1c00000] [id=22956]
  0x000001a4b20101b0 WatcherThread [stack: 0x00000038b2700000,0x00000038b2800000] [id=12108]
  0x000001a498d853f0 GCTaskThread "GC Thread#0" [stack: 0x00000038b1a00000,0x00000038b1b00000] [id=23892]
  0x000001a4b22544d0 GCTaskThread "GC Thread#1" [stack: 0x00000038b2800000,0x00000038b2900000] [id=23648]
  0x000001a4b2342bd0 GCTaskThread "GC Thread#2" [stack: 0x00000038b2900000,0x00000038b2a00000] [id=5176]
  0x000001a4b20a4050 GCTaskThread "GC Thread#3" [stack: 0x00000038b2a00000,0x00000038b2b00000] [id=22468]

Threads with active compile tasks:
C2 CompilerThread0   162625 15351       4       org.eclipse.jdt.internal.compiler.lookup.PackageBinding::getTypeOrPackage (368 bytes)

VM state: not at safepoint (normal execution)

VM Mutex/Monitor currently owned by a thread: None

Heap address: 0x00000000c0000000, size: 1024 MB, Compressed Oops mode: 32-bit

CDS archive(s) not mapped
Compressed class space mapped at: 0x0000000100000000-0x0000000140000000, reserved size: 1073741824
Narrow klass base: 0x0000000000000000, Narrow klass shift: 3, Narrow klass range: 0x140000000

GC Precious Log:
 CPUs: 4 total, 4 available
 Memory: 15783M
 Large Page Support: Disabled
 NUMA Support: Disabled
 Compressed Oops: Enabled (32-bit)
 Alignments: Space 512K, Generation 512K, Heap 2M
 Heap Min Capacity: 100M
 Heap Initial Capacity: 100M
 Heap Max Capacity: 1G
 Pre-touch: Disabled
 Parallel Workers: 4

Heap:
 PSYoungGen      total 42496K, used 33751K [0x00000000eab00000, 0x00000000ede80000, 0x0000000100000000)
  eden space 36352K, 77% used [0x00000000eab00000,0x00000000ec671b58,0x00000000ece80000)
  from space 6144K, 91% used [0x00000000ecf00000,0x00000000ed484228,0x00000000ed500000)
  to   space 8192K, 0% used [0x00000000ed680000,0x00000000ed680000,0x00000000ede80000)
 ParOldGen       total 330240K, used 268296K [0x00000000c0000000, 0x00000000d4280000, 0x00000000eab00000)
  object space 330240K, 81% used [0x00000000c0000000,0x00000000d0602270,0x00000000d4280000)
 Metaspace       used 86614K, committed 88064K, reserved 1179648K
  class space    used 9109K, committed 9728K, reserved 1048576K

Card table byte_map: [0x000001a498710000,0x000001a498920000] _byte_map_base: 0x000001a498110000

Marking Bits: (ParMarkBitMap*) 0x00007fff038758b0
 Begin Bits: [0x000001a4aaa10000, 0x000001a4aba10000)
 End Bits:   [0x000001a4aba10000, 0x000001a4aca10000)

Polling page: 0x000001a496ce0000

Metaspace:

Usage:
  Non-class:     75.69 MB used.
      Class:      8.90 MB used.
       Both:     84.58 MB used.

Virtual space:
  Non-class space:      128.00 MB reserved,      76.50 MB ( 60%) committed,  2 nodes.
      Class space:        1.00 GB reserved,       9.50 MB ( <1%) committed,  1 nodes.
             Both:        1.12 GB reserved,      86.00 MB (  7%) committed. 

Chunk freelists:
   Non-Class:  2.64 MB
       Class:  6.52 MB
        Both:  9.16 MB

MaxMetaspaceSize: unlimited
CompressedClassSpaceSize: 1.00 GB
Initial GC threshold: 21.00 MB
Current GC threshold: 134.81 MB
CDS: off
MetaspaceReclaimPolicy: balanced
 - commit_granule_bytes: 65536.
 - commit_granule_words: 8192.
 - virtual_space_node_default_size: 8388608.
 - enlarge_chunks_in_place: 1.
 - new_chunks_are_fully_committed: 0.
 - uncommit_free_chunks: 1.
 - use_allocation_guard: 0.
 - handle_deallocations: 1.


Internal statistics:

num_allocs_failed_limit: 9.
num_arena_births: 1160.
num_arena_deaths: 14.
num_vsnodes_births: 3.
num_vsnodes_deaths: 0.
num_space_committed: 1376.
num_space_uncommitted: 0.
num_chunks_returned_to_freelist: 23.
num_chunks_taken_from_freelist: 4854.
num_chunk_merges: 8.
num_chunk_splits: 2926.
num_chunks_enlarged: 1596.
num_inconsistent_stats: 0.

CodeHeap 'non-profiled nmethods': size=120000Kb used=10749Kb max_used=11328Kb free=109250Kb
 bounds [0x000001a4a34e0000, 0x000001a4a4000000, 0x000001a4aaa10000]
CodeHeap 'profiled nmethods': size=120000Kb used=26743Kb max_used=27392Kb free=93256Kb
 bounds [0x000001a49ba10000, 0x000001a49d4e0000, 0x000001a4a2f40000]
CodeHeap 'non-nmethods': size=5760Kb used=1443Kb max_used=1582Kb free=4316Kb
 bounds [0x000001a4a2f40000, 0x000001a4a31b0000, 0x000001a4a34e0000]
 total_blobs=13026 nmethods=12220 adapters=717
 compilation: enabled
              stopped_count=0, restarted_count=0
 full_count=0

Compilation events (20 events):
Event: 161.575 Thread 0x000001a4b1e2fd00 nmethod 15341 0x000001a49cbb0c90 code [0x000001a49cbb1380, 0x000001a49cbb4238]
Event: 161.637 Thread 0x000001a4b1e2fd00 15342       3       org.eclipse.jdt.ls.core.internal.handlers.DocumentSymbolHandler$$Lambda$712/0x0000000100853918::test (12 bytes)
Event: 161.638 Thread 0x000001a4b1e2fd00 nmethod 15342 0x000001a49cd92790 code [0x000001a49cd92960, 0x000001a49cd92cf8]
Event: 161.858 Thread 0x000001a4acbe9a80 15343       4       org.eclipse.jdt.internal.compiler.env.IModuleAwareNameEnvironment::getUniqueModulesDeclaringPackage (85 bytes)
Event: 161.871 Thread 0x000001a4b1e2fd00 15344       3       org.eclipse.jdt.internal.compiler.ast.TypeReference::checkIllegalNullAnnotations (56 bytes)
Event: 161.872 Thread 0x000001a4b1e2fd00 nmethod 15344 0x000001a49c8c0a90 code [0x000001a49c8c0c60, 0x000001a49c8c1078]
Event: 161.885 Thread 0x000001a4acbe9a80 nmethod 15343 0x000001a4a3f45410 code [0x000001a4a3f455c0, 0x000001a4a3f46248]
Event: 161.885 Thread 0x000001a4acbe9a80 15345   !   4       com.google.gson.Gson::toJson (178 bytes)
Event: 161.890 Thread 0x000001a4acbe9a80 nmethod 15345 0x000001a4a3f44c10 code [0x000001a4a3f44de0, 0x000001a4a3f450e8]
Event: 162.141 Thread 0x000001a4b1e2fd00 15346       1       org.eclipse.lsp4j.ConfigurationItem::setScopeUri (6 bytes)
Event: 162.142 Thread 0x000001a4b1e2fd00 nmethod 15346 0x000001a4a3f44910 code [0x000001a4a3f44aa0, 0x000001a4a3f44b78]
Event: 162.142 Thread 0x000001a4b1e2fd00 15347       1       org.eclipse.lsp4j.ConfigurationItem::setSection (6 bytes)
Event: 162.142 Thread 0x000001a4b1e2fd00 nmethod 15347 0x000001a4a3f44610 code [0x000001a4a3f447a0, 0x000001a4a3f44878]
Event: 162.148 Thread 0x000001a4b1e2fd00 15348       3       org.eclipse.jdt.ls.core.internal.text.correction.QuickAssistProcessor::getFullyCoveredNodes (42 bytes)
Event: 162.149 Thread 0x000001a4b1e2fd00 nmethod 15348 0x000001a49ca67310 code [0x000001a49ca67520, 0x000001a49ca67b68]
Event: 162.149 Thread 0x000001a4b1e2fd00 15349       3       org.eclipse.jdt.ls.core.internal.text.correction.QuickAssistProcessor$1::<init> (20 bytes)
Event: 162.149 Thread 0x000001a4b1e2fd00 nmethod 15349 0x000001a49c8ba490 code [0x000001a49c8ba640, 0x000001a49c8ba8f8]
Event: 162.150 Thread 0x000001a4b1e2fd00 15350       3       org.eclipse.jdt.ls.core.internal.preferences.ClientPreferences::isResolveCodeActionSupported (121 bytes)
Event: 162.151 Thread 0x000001a4b1e2fd00 nmethod 15350 0x000001a49d1fd890 code [0x000001a49d1fdaa0, 0x000001a49d1fe168]
Event: 162.152 Thread 0x000001a4acbe9a80 15351       4       org.eclipse.jdt.internal.compiler.lookup.PackageBinding::getTypeOrPackage (368 bytes)

GC Heap History (20 events):
Event: 122.856 GC heap before
{Heap before GC invocations=160 (full 14):
 PSYoungGen      total 53760K, used 50773K [0x00000000eab00000, 0x00000000ee600000, 0x0000000100000000)
  eden space 49152K, 98% used [0x00000000eab00000,0x00000000eda55f58,0x00000000edb00000)
  from space 4608K, 49% used [0x00000000edd80000,0x00000000edfbf630,0x00000000ee200000)
  to   space 3072K, 0% used [0x00000000ee300000,0x00000000ee300000,0x00000000ee600000)
 ParOldGen       total 330240K, used 248326K [0x00000000c0000000, 0x00000000d4280000, 0x00000000eab00000)
  object space 330240K, 75% used [0x00000000c0000000,0x00000000cf281a28,0x00000000d4280000)
 Metaspace       used 84013K, committed 85440K, reserved 1179648K
  class space    used 8860K, committed 9472K, reserved 1048576K
}
Event: 122.858 GC heap after
{Heap after GC invocations=160 (full 14):
 PSYoungGen      total 51200K, used 2768K [0x00000000eab00000, 0x00000000ee600000, 0x0000000100000000)
  eden space 48128K, 0% used [0x00000000eab00000,0x00000000eab00000,0x00000000eda00000)
  from space 3072K, 90% used [0x00000000ee300000,0x00000000ee5b43f0,0x00000000ee600000)
  to   space 3072K, 0% used [0x00000000ee000000,0x00000000ee000000,0x00000000ee300000)
 ParOldGen       total 330240K, used 249261K [0x00000000c0000000, 0x00000000d4280000, 0x00000000eab00000)
  object space 330240K, 75% used [0x00000000c0000000,0x00000000cf36b7f8,0x00000000d4280000)
 Metaspace       used 84013K, committed 85440K, reserved 1179648K
  class space    used 8860K, committed 9472K, reserved 1048576K
}
Event: 123.157 GC heap before
{Heap before GC invocations=161 (full 14):
 PSYoungGen      total 51200K, used 50771K [0x00000000eab00000, 0x00000000ee600000, 0x0000000100000000)
  eden space 48128K, 99% used [0x00000000eab00000,0x00000000ed9e0b08,0x00000000eda00000)
  from space 3072K, 90% used [0x00000000ee300000,0x00000000ee5b43f0,0x00000000ee600000)
  to   space 3072K, 0% used [0x00000000ee000000,0x00000000ee000000,0x00000000ee300000)
 ParOldGen       total 330240K, used 249261K [0x00000000c0000000, 0x00000000d4280000, 0x00000000eab00000)
  object space 330240K, 75% used [0x00000000c0000000,0x00000000cf36b7f8,0x00000000d4280000)
 Metaspace       used 84044K, committed 85504K, reserved 1179648K
  class space    used 8860K, committed 9472K, reserved 1048576K
}
Event: 123.160 GC heap after
{Heap after GC invocations=161 (full 14):
 PSYoungGen      total 50176K, used 3047K [0x00000000eab00000, 0x00000000ee380000, 0x0000000100000000)
  eden space 47104K, 0% used [0x00000000eab00000,0x00000000eab00000,0x00000000ed900000)
  from space 3072K, 99% used [0x00000000ee000000,0x00000000ee2f9df8,0x00000000ee300000)
  to   space 512K, 0% used [0x00000000ee300000,0x00000000ee300000,0x00000000ee380000)
 ParOldGen       total 330240K, used 249309K [0x00000000c0000000, 0x00000000d4280000, 0x00000000eab00000)
  object space 330240K, 75% used [0x00000000c0000000,0x00000000cf3777f8,0x00000000d4280000)
 Metaspace       used 84044K, committed 85504K, reserved 1179648K
  class space    used 8860K, committed 9472K, reserved 1048576K
}
Event: 125.631 GC heap before
{Heap before GC invocations=162 (full 14):
 PSYoungGen      total 50176K, used 50151K [0x00000000eab00000, 0x00000000ee380000, 0x0000000100000000)
  eden space 47104K, 100% used [0x00000000eab00000,0x00000000ed900000,0x00000000ed900000)
  from space 3072K, 99% used [0x00000000ee000000,0x00000000ee2f9df8,0x00000000ee300000)
  to   space 512K, 0% used [0x00000000ee300000,0x00000000ee300000,0x00000000ee380000)
 ParOldGen       total 330240K, used 249309K [0x00000000c0000000, 0x00000000d4280000, 0x00000000eab00000)
  object space 330240K, 75% used [0x00000000c0000000,0x00000000cf3777f8,0x00000000d4280000)
 Metaspace       used 84176K, committed 85568K, reserved 1179648K
  class space    used 8860K, committed 9472K, reserved 1048576K
}
Event: 125.636 GC heap after
{Heap after GC invocations=162 (full 14):
 PSYoungGen      total 46592K, used 505K [0x00000000eab00000, 0x00000000eea00000, 0x0000000100000000)
  eden space 46080K, 0% used [0x00000000eab00000,0x00000000eab00000,0x00000000ed800000)
  from space 512K, 98% used [0x00000000ee300000,0x00000000ee37e418,0x00000000ee380000)
  to   space 9216K, 0% used [0x00000000ed800000,0x00000000ed800000,0x00000000ee100000)
 ParOldGen       total 330240K, used 256954K [0x00000000c0000000, 0x00000000d4280000, 0x00000000eab00000)
  object space 330240K, 77% used [0x00000000c0000000,0x00000000cfaee990,0x00000000d4280000)
 Metaspace       used 84176K, committed 85568K, reserved 1179648K
  class space    used 8860K, committed 9472K, reserved 1048576K
}
Event: 131.810 GC heap before
{Heap before GC invocations=163 (full 14):
 PSYoungGen      total 46592K, used 46569K [0x00000000eab00000, 0x00000000eea00000, 0x0000000100000000)
  eden space 46080K, 99% used [0x00000000eab00000,0x00000000ed7fc280,0x00000000ed800000)
  from space 512K, 98% used [0x00000000ee300000,0x00000000ee37e418,0x00000000ee380000)
  to   space 9216K, 0% used [0x00000000ed800000,0x00000000ed800000,0x00000000ee100000)
 ParOldGen       total 330240K, used 256954K [0x00000000c0000000, 0x00000000d4280000, 0x00000000eab00000)
  object space 330240K, 77% used [0x00000000c0000000,0x00000000cfaee990,0x00000000d4280000)
 Metaspace       used 84570K, committed 85888K, reserved 1179648K
  class space    used 8894K, committed 9472K, reserved 1048576K
}
Event: 131.818 GC heap after
{Heap after GC invocations=163 (full 14):
 PSYoungGen      total 53248K, used 7882K [0x00000000eab00000, 0x00000000ee700000, 0x0000000100000000)
  eden space 45056K, 0% used [0x00000000eab00000,0x00000000eab00000,0x00000000ed700000)
  from space 8192K, 96% used [0x00000000ed800000,0x00000000edfb2878,0x00000000ee000000)
  to   space 7168K, 0% used [0x00000000ee000000,0x00000000ee000000,0x00000000ee700000)
 ParOldGen       total 330240K, used 257306K [0x00000000c0000000, 0x00000000d4280000, 0x00000000eab00000)
  object space 330240K, 77% used [0x00000000c0000000,0x00000000cfb469f0,0x00000000d4280000)
 Metaspace       used 84570K, committed 85888K, reserved 1179648K
  class space    used 8894K, committed 9472K, reserved 1048576K
}
Event: 136.934 GC heap before
{Heap before GC invocations=164 (full 14):
 PSYoungGen      total 53248K, used 52938K [0x00000000eab00000, 0x00000000ee700000, 0x0000000100000000)
  eden space 45056K, 100% used [0x00000000eab00000,0x00000000ed700000,0x00000000ed700000)
  from space 8192K, 96% used [0x00000000ed800000,0x00000000edfb2878,0x00000000ee000000)
  to   space 7168K, 0% used [0x00000000ee000000,0x00000000ee000000,0x00000000ee700000)
 ParOldGen       total 330240K, used 257306K [0x00000000c0000000, 0x00000000d4280000, 0x00000000eab00000)
  object space 330240K, 77% used [0x00000000c0000000,0x00000000cfb469f0,0x00000000d4280000)
 Metaspace       used 84687K, committed 86080K, reserved 1179648K
  class space    used 8896K, committed 9472K, reserved 1048576K
}
Event: 136.943 GC heap after
{Heap after GC invocations=164 (full 14):
 PSYoungGen      total 49664K, used 7148K [0x00000000eab00000, 0x00000000eed80000, 0x0000000100000000)
  eden space 42496K, 0% used [0x00000000eab00000,0x00000000eab00000,0x00000000ed480000)
  from space 7168K, 99% used [0x00000000ee000000,0x00000000ee6fb1a8,0x00000000ee700000)
  to   space 11776K, 0% used [0x00000000ed480000,0x00000000ed480000,0x00000000ee000000)
 ParOldGen       total 330240K, used 261256K [0x00000000c0000000, 0x00000000d4280000, 0x00000000eab00000)
  object space 330240K, 79% used [0x00000000c0000000,0x00000000cff22180,0x00000000d4280000)
 Metaspace       used 84687K, committed 86080K, reserved 1179648K
  class space    used 8896K, committed 9472K, reserved 1048576K
}
Event: 142.390 GC heap before
{Heap before GC invocations=165 (full 14):
 PSYoungGen      total 49664K, used 49644K [0x00000000eab00000, 0x00000000eed80000, 0x0000000100000000)
  eden space 42496K, 100% used [0x00000000eab00000,0x00000000ed480000,0x00000000ed480000)
  from space 7168K, 99% used [0x00000000ee000000,0x00000000ee6fb1a8,0x00000000ee700000)
  to   space 11776K, 0% used [0x00000000ed480000,0x00000000ed480000,0x00000000ee000000)
 ParOldGen       total 330240K, used 261256K [0x00000000c0000000, 0x00000000d4280000, 0x00000000eab00000)
  object space 330240K, 79% used [0x00000000c0000000,0x00000000cff22180,0x00000000d4280000)
 Metaspace       used 85696K, committed 87168K, reserved 1179648K
  class space    used 9041K, committed 9664K, reserved 1048576K
}
Event: 142.397 GC heap after
{Heap after GC invocations=165 (full 14):
 PSYoungGen      total 47616K, used 5341K [0x00000000eab00000, 0x00000000ee300000, 0x0000000100000000)
  eden space 41984K, 0% used [0x00000000eab00000,0x00000000eab00000,0x00000000ed400000)
  from space 5632K, 94% used [0x00000000ed480000,0x00000000ed9b7400,0x00000000eda00000)
  to   space 7680K, 0% used [0x00000000edb80000,0x00000000edb80000,0x00000000ee300000)
 ParOldGen       total 330240K, used 261434K [0x00000000c0000000, 0x00000000d4280000, 0x00000000eab00000)
  object space 330240K, 79% used [0x00000000c0000000,0x00000000cff4eaa0,0x00000000d4280000)
 Metaspace       used 85696K, committed 87168K, reserved 1179648K
  class space    used 9041K, committed 9664K, reserved 1048576K
}
Event: 145.048 GC heap before
{Heap before GC invocations=166 (full 14):
 PSYoungGen      total 47616K, used 47325K [0x00000000eab00000, 0x00000000ee300000, 0x0000000100000000)
  eden space 41984K, 100% used [0x00000000eab00000,0x00000000ed400000,0x00000000ed400000)
  from space 5632K, 94% used [0x00000000ed480000,0x00000000ed9b7400,0x00000000eda00000)
  to   space 7680K, 0% used [0x00000000edb80000,0x00000000edb80000,0x00000000ee300000)
 ParOldGen       total 330240K, used 261434K [0x00000000c0000000, 0x00000000d4280000, 0x00000000eab00000)
  object space 330240K, 79% used [0x00000000c0000000,0x00000000cff4eaa0,0x00000000d4280000)
 Metaspace       used 85735K, committed 87168K, reserved 1179648K
  class space    used 9042K, committed 9664K, reserved 1048576K
}
Event: 145.052 GC heap after
{Heap after GC invocations=166 (full 14):
 PSYoungGen      total 47616K, used 6089K [0x00000000eab00000, 0x00000000ee180000, 0x0000000100000000)
  eden space 41472K, 0% used [0x00000000eab00000,0x00000000eab00000,0x00000000ed380000)
  from space 6144K, 99% used [0x00000000edb80000,0x00000000ee1726e0,0x00000000ee180000)
  to   space 6656K, 0% used [0x00000000ed480000,0x00000000ed480000,0x00000000edb00000)
 ParOldGen       total 330240K, used 261442K [0x00000000c0000000, 0x00000000d4280000, 0x00000000eab00000)
  object space 330240K, 79% used [0x00000000c0000000,0x00000000cff50aa0,0x00000000d4280000)
 Metaspace       used 85735K, committed 87168K, reserved 1179648K
  class space    used 9042K, committed 9664K, reserved 1048576K
}
Event: 151.204 GC heap before
{Heap before GC invocations=167 (full 14):
 PSYoungGen      total 47616K, used 47561K [0x00000000eab00000, 0x00000000ee180000, 0x0000000100000000)
  eden space 41472K, 100% used [0x00000000eab00000,0x00000000ed380000,0x00000000ed380000)
  from space 6144K, 99% used [0x00000000edb80000,0x00000000ee1726e0,0x00000000ee180000)
  to   space 6656K, 0% used [0x00000000ed480000,0x00000000ed480000,0x00000000edb00000)
 ParOldGen       total 330240K, used 261442K [0x00000000c0000000, 0x00000000d4280000, 0x00000000eab00000)
  object space 330240K, 79% used [0x00000000c0000000,0x00000000cff50aa0,0x00000000d4280000)
 Metaspace       used 85817K, committed 87296K, reserved 1179648K
  class space    used 9042K, committed 9664K, reserved 1048576K
}
Event: 151.212 GC heap after
{Heap after GC invocations=167 (full 14):
 PSYoungGen      total 47616K, used 6649K [0x00000000eab00000, 0x00000000ee300000, 0x0000000100000000)
  eden space 40960K, 0% used [0x00000000eab00000,0x00000000eab00000,0x00000000ed300000)
  from space 6656K, 99% used [0x00000000ed480000,0x00000000edafe6d0,0x00000000edb00000)
  to   space 8192K, 0% used [0x00000000edb00000,0x00000000edb00000,0x00000000ee300000)
 ParOldGen       total 330240K, used 262302K [0x00000000c0000000, 0x00000000d4280000, 0x00000000eab00000)
  object space 330240K, 79% used [0x00000000c0000000,0x00000000d0027ab0,0x00000000d4280000)
 Metaspace       used 85817K, committed 87296K, reserved 1179648K
  class space    used 9042K, committed 9664K, reserved 1048576K
}
Event: 154.331 GC heap before
{Heap before GC invocations=168 (full 14):
 PSYoungGen      total 47616K, used 47609K [0x00000000eab00000, 0x00000000ee300000, 0x0000000100000000)
  eden space 40960K, 100% used [0x00000000eab00000,0x00000000ed300000,0x00000000ed300000)
  from space 6656K, 99% used [0x00000000ed480000,0x00000000edafe6d0,0x00000000edb00000)
  to   space 8192K, 0% used [0x00000000edb00000,0x00000000edb00000,0x00000000ee300000)
 ParOldGen       total 330240K, used 262302K [0x00000000c0000000, 0x00000000d4280000, 0x00000000eab00000)
  object space 330240K, 79% used [0x00000000c0000000,0x00000000d0027ab0,0x00000000d4280000)
 Metaspace       used 86330K, committed 87872K, reserved 1179648K
  class space    used 9096K, committed 9728K, reserved 1048576K
}
Event: 154.341 GC heap after
{Heap after GC invocations=168 (full 14):
 PSYoungGen      total 45056K, used 8160K [0x00000000eab00000, 0x00000000eea80000, 0x0000000100000000)
  eden space 36864K, 0% used [0x00000000eab00000,0x00000000eab00000,0x00000000ecf00000)
  from space 8192K, 99% used [0x00000000edb00000,0x00000000ee2f8228,0x00000000ee300000)
  to   space 12288K, 0% used [0x00000000ecf00000,0x00000000ecf00000,0x00000000edb00000)
 ParOldGen       total 330240K, used 265576K [0x00000000c0000000, 0x00000000d4280000, 0x00000000eab00000)
  object space 330240K, 80% used [0x00000000c0000000,0x00000000d035a270,0x00000000d4280000)
 Metaspace       used 86330K, committed 87872K, reserved 1179648K
  class space    used 9096K, committed 9728K, reserved 1048576K
}
Event: 158.314 GC heap before
{Heap before GC invocations=169 (full 14):
 PSYoungGen      total 45056K, used 45024K [0x00000000eab00000, 0x00000000eea80000, 0x0000000100000000)
  eden space 36864K, 100% used [0x00000000eab00000,0x00000000ecf00000,0x00000000ecf00000)
  from space 8192K, 99% used [0x00000000edb00000,0x00000000ee2f8228,0x00000000ee300000)
  to   space 12288K, 0% used [0x00000000ecf00000,0x00000000ecf00000,0x00000000edb00000)
 ParOldGen       total 330240K, used 265576K [0x00000000c0000000, 0x00000000d4280000, 0x00000000eab00000)
  object space 330240K, 80% used [0x00000000c0000000,0x00000000d035a270,0x00000000d4280000)
 Metaspace       used 86448K, committed 87936K, reserved 1179648K
  class space    used 9096K, committed 9728K, reserved 1048576K
}
Event: 158.324 GC heap after
{Heap after GC invocations=169 (full 14):
 PSYoungGen      total 42496K, used 5648K [0x00000000eab00000, 0x00000000ede80000, 0x0000000100000000)
  eden space 36352K, 0% used [0x00000000eab00000,0x00000000eab00000,0x00000000ece80000)
  from space 6144K, 91% used [0x00000000ecf00000,0x00000000ed484228,0x00000000ed500000)
  to   space 8192K, 0% used [0x00000000ed680000,0x00000000ed680000,0x00000000ede80000)
 ParOldGen       total 330240K, used 268296K [0x00000000c0000000, 0x00000000d4280000, 0x00000000eab00000)
  object space 330240K, 81% used [0x00000000c0000000,0x00000000d0602270,0x00000000d4280000)
 Metaspace       used 86448K, committed 87936K, reserved 1179648K
  class space    used 9096K, committed 9728K, reserved 1048576K
}

Dll operation events (12 events):
Event: 0.037 Loaded shared library c:\Users\user\.vscode\extensions\redhat.java-1.34.0-win32-x64\jre\17.0.12-win32-x86_64\bin\java.dll
Event: 0.472 Loaded shared library c:\Users\user\.vscode\extensions\redhat.java-1.34.0-win32-x64\jre\17.0.12-win32-x86_64\bin\zip.dll
Event: 0.476 Loaded shared library C:\Users\user\.vscode\extensions\redhat.java-1.34.0-win32-x64\jre\17.0.12-win32-x86_64\bin\instrument.dll
Event: 0.515 Loaded shared library C:\Users\user\.vscode\extensions\redhat.java-1.34.0-win32-x64\jre\17.0.12-win32-x86_64\bin\net.dll
Event: 0.517 Loaded shared library C:\Users\user\.vscode\extensions\redhat.java-1.34.0-win32-x64\jre\17.0.12-win32-x86_64\bin\nio.dll
Event: 0.532 Loaded shared library C:\Users\user\.vscode\extensions\redhat.java-1.34.0-win32-x64\jre\17.0.12-win32-x86_64\bin\zip.dll
Event: 0.569 Loaded shared library C:\Users\user\.vscode\extensions\redhat.java-1.34.0-win32-x64\jre\17.0.12-win32-x86_64\bin\jimage.dll
Event: 0.848 Loaded shared library c:\Users\user\.vscode\extensions\redhat.java-1.34.0-win32-x64\jre\17.0.12-win32-x86_64\bin\verify.dll
Event: 3.634 Loaded shared library C:\Users\user\AppData\Roaming\Code\User\globalStorage\redhat.java\1.34.0\config_win\org.eclipse.equinox.launcher\org.eclipse.equinox.launcher.win32.win32.x86_64_1.2.1100.v20240722-2106\eclipse_11904.dll
Event: 6.692 Loaded shared library C:\Users\user\AppData\Local\Temp\jna-3599307\jna1974670727510919166.dll
Event: 15.684 Loaded shared library C:\Users\user\.vscode\extensions\redhat.java-1.34.0-win32-x64\jre\17.0.12-win32-x86_64\bin\sunmscapi.dll
Event: 15.960 Loaded shared library C:\Users\user\.vscode\extensions\redhat.java-1.34.0-win32-x64\jre\17.0.12-win32-x86_64\bin\extnet.dll

Deoptimization events (20 events):
Event: 160.663 Thread 0x000001a4b41c3780 DEOPT PACKING pc=0x000001a4a3929130 sp=0x00000038b41fd9a0
Event: 160.663 Thread 0x000001a4b41c3780 DEOPT UNPACKING pc=0x000001a4a2f966a3 sp=0x00000038b41fd958 mode 2
Event: 160.663 Thread 0x000001a4b41c3780 Uncommon trap: trap_request=0xffffffde fr.pc=0x000001a4a3929130 relative=0x0000000000003650
Event: 160.663 Thread 0x000001a4b41c3780 Uncommon trap: reason=class_check action=maybe_recompile pc=0x000001a4a3929130 method=org.eclipse.jdt.internal.core.NameLookup.seekTypesInBinaryPackage(Ljava/lang/String;Lorg/eclipse/jdt/core/IPackageFragment;ZILorg/eclipse/jdt/internal/core/IJavaElementR
Event: 160.663 Thread 0x000001a4b41c3780 DEOPT PACKING pc=0x000001a4a3929130 sp=0x00000038b41fd9a0
Event: 160.663 Thread 0x000001a4b41c3780 DEOPT UNPACKING pc=0x000001a4a2f966a3 sp=0x00000038b41fd958 mode 2
Event: 160.663 Thread 0x000001a4b41c3780 Uncommon trap: trap_request=0xffffffde fr.pc=0x000001a4a3929130 relative=0x0000000000003650
Event: 160.663 Thread 0x000001a4b41c3780 Uncommon trap: reason=class_check action=maybe_recompile pc=0x000001a4a3929130 method=org.eclipse.jdt.internal.core.NameLookup.seekTypesInBinaryPackage(Ljava/lang/String;Lorg/eclipse/jdt/core/IPackageFragment;ZILorg/eclipse/jdt/internal/core/IJavaElementR
Event: 160.663 Thread 0x000001a4b41c3780 DEOPT PACKING pc=0x000001a4a3929130 sp=0x00000038b41fd9a0
Event: 160.663 Thread 0x000001a4b41c3780 DEOPT UNPACKING pc=0x000001a4a2f966a3 sp=0x00000038b41fd958 mode 2
Event: 160.663 Thread 0x000001a4b41c3780 Uncommon trap: trap_request=0xffffffde fr.pc=0x000001a4a3929130 relative=0x0000000000003650
Event: 160.663 Thread 0x000001a4b41c3780 Uncommon trap: reason=class_check action=maybe_recompile pc=0x000001a4a3929130 method=org.eclipse.jdt.internal.core.NameLookup.seekTypesInBinaryPackage(Ljava/lang/String;Lorg/eclipse/jdt/core/IPackageFragment;ZILorg/eclipse/jdt/internal/core/IJavaElementR
Event: 160.663 Thread 0x000001a4b41c3780 DEOPT PACKING pc=0x000001a4a3929130 sp=0x00000038b41fd9a0
Event: 160.663 Thread 0x000001a4b41c3780 DEOPT UNPACKING pc=0x000001a4a2f966a3 sp=0x00000038b41fd958 mode 2
Event: 160.665 Thread 0x000001a4b41c3780 DEOPT PACKING pc=0x000001a49c94a1d0 sp=0x00000038b41fd890
Event: 160.665 Thread 0x000001a4b41c3780 DEOPT UNPACKING pc=0x000001a4a2f96e43 sp=0x00000038b41fccb8 mode 0
Event: 160.691 Thread 0x000001a4b41c3780 Uncommon trap: trap_request=0xffffff45 fr.pc=0x000001a4a3a86d48 relative=0x0000000000001388
Event: 160.691 Thread 0x000001a4b41c3780 Uncommon trap: reason=unstable_if action=reinterpret pc=0x000001a4a3a86d48 method=java.util.regex.Pattern.compile()V @ 301 c2
Event: 160.691 Thread 0x000001a4b41c3780 DEOPT PACKING pc=0x000001a4a3a86d48 sp=0x00000038b41fdae0
Event: 160.691 Thread 0x000001a4b41c3780 DEOPT UNPACKING pc=0x000001a4a2f966a3 sp=0x00000038b41fdac0 mode 2

Classes loaded (20 events):
Event: 60.985 Loading class sun/nio/fs/WindowsFileCopy
Event: 60.986 Loading class sun/nio/fs/WindowsFileCopy done
Event: 61.206 Loading class java/util/stream/ReduceOps$2
Event: 61.206 Loading class java/util/stream/ReduceOps$2 done
Event: 61.206 Loading class java/util/stream/ReduceOps$2ReducingSink
Event: 61.206 Loading class java/util/stream/ReduceOps$2ReducingSink done
Event: 61.642 Loading class jdk/internal/ref/CleanerImpl$InnocuousThreadFactory
Event: 61.642 Loading class jdk/internal/ref/CleanerImpl$InnocuousThreadFactory done
Event: 62.282 Loading class java/io/CharArrayReader
Event: 62.282 Loading class java/io/CharArrayReader done
Event: 62.283 Loading class java/util/regex/Pattern$Bound
Event: 62.283 Loading class java/util/regex/Pattern$Bound done
Event: 151.789 Loading class java/nio/file/attribute/PosixFileAttributes
Event: 151.789 Loading class java/nio/file/attribute/PosixFileAttributes done
Event: 151.801 Loading class java/nio/file/attribute/PosixFileAttributeView
Event: 151.801 Loading class java/nio/file/attribute/PosixFileAttributeView done
Event: 151.941 Loading class java/nio/file/DirectoryIteratorException
Event: 151.943 Loading class java/nio/file/DirectoryIteratorException done
Event: 152.011 Loading class java/time/DateTimeException
Event: 152.011 Loading class java/time/DateTimeException done

Classes unloaded (7 events):
Event: 8.969 Thread 0x000001a498df8f50 Unloading class 0x0000000100252400 'java/lang/invoke/LambdaForm$MH+0x0000000100252400'
Event: 8.969 Thread 0x000001a498df8f50 Unloading class 0x0000000100252000 'java/lang/invoke/LambdaForm$MH+0x0000000100252000'
Event: 8.969 Thread 0x000001a498df8f50 Unloading class 0x0000000100251c00 'java/lang/invoke/LambdaForm$MH+0x0000000100251c00'
Event: 8.969 Thread 0x000001a498df8f50 Unloading class 0x0000000100251800 'java/lang/invoke/LambdaForm$MH+0x0000000100251800'
Event: 8.969 Thread 0x000001a498df8f50 Unloading class 0x0000000100251400 'java/lang/invoke/LambdaForm$BMH+0x0000000100251400'
Event: 8.969 Thread 0x000001a498df8f50 Unloading class 0x0000000100251000 'java/lang/invoke/LambdaForm$DMH+0x0000000100251000'
Event: 8.969 Thread 0x000001a498df8f50 Unloading class 0x000000010024a400 'java/lang/invoke/LambdaForm$DMH+0x000000010024a400'

Classes redefined (0 events):
No events

Internal exceptions (20 events):
Event: 156.974 Thread 0x000001a4b41c3780 Exception <a 'java/lang/ArrayIndexOutOfBoundsException'{0x00000000eb898538}> (0x00000000eb898538) 
thrown [s\src\hotspot\share\runtime\sharedRuntime.cpp, line 631]
Event: 156.974 Thread 0x000001a4b41c3780 Exception <a 'java/lang/ArrayIndexOutOfBoundsException'{0x00000000eb898b68}> (0x00000000eb898b68) 
thrown [s\src\hotspot\share\runtime\sharedRuntime.cpp, line 631]
Event: 156.974 Thread 0x000001a4b41c3780 Exception <a 'java/lang/ArrayIndexOutOfBoundsException'{0x00000000eb898ef0}> (0x00000000eb898ef0) 
thrown [s\src\hotspot\share\runtime\sharedRuntime.cpp, line 631]
Event: 157.983 Thread 0x000001a4b41c3780 Exception <a 'java/lang/ArrayIndexOutOfBoundsException'{0x00000000ec5ae598}> (0x00000000ec5ae598) 
thrown [s\src\hotspot\share\runtime\sharedRuntime.cpp, line 631]
Event: 157.983 Thread 0x000001a4b41c3780 Exception <a 'java/lang/ArrayIndexOutOfBoundsException'{0x00000000ec5aebc8}> (0x00000000ec5aebc8) 
thrown [s\src\hotspot\share\runtime\sharedRuntime.cpp, line 631]
Event: 157.983 Thread 0x000001a4b41c3780 Exception <a 'java/lang/ArrayIndexOutOfBoundsException'{0x00000000ec5aef50}> (0x00000000ec5aef50) 
thrown [s\src\hotspot\share\runtime\sharedRuntime.cpp, line 631]
Event: 158.835 Thread 0x000001a4b41c3780 Implicit null exception at 0x000001a49d083856 to 0x000001a49d083dbc
Event: 158.835 Thread 0x000001a4b41c3780 Exception <a 'java/lang/NullPointerException'{0x00000000eadc2678}> (0x00000000eadc2678) 
thrown [s\src\hotspot\share\runtime\sharedRuntime.cpp, line 631]
Event: 160.657 Thread 0x000001a4b41c3780 Exception <a 'java/lang/ArrayIndexOutOfBoundsException'{0x00000000eb6fc3a8}> (0x00000000eb6fc3a8) 
thrown [s\src\hotspot\share\runtime\sharedRuntime.cpp, line 631]
Event: 160.657 Thread 0x000001a4b41c3780 Exception <a 'java/lang/ArrayIndexOutOfBoundsException'{0x00000000eb6fc9d8}> (0x00000000eb6fc9d8) 
thrown [s\src\hotspot\share\runtime\sharedRuntime.cpp, line 631]
Event: 160.657 Thread 0x000001a4b41c3780 Exception <a 'java/lang/ArrayIndexOutOfBoundsException'{0x00000000eb6fcd60}> (0x00000000eb6fcd60) 
thrown [s\src\hotspot\share\runtime\sharedRuntime.cpp, line 631]
Event: 160.970 Thread 0x000001a4b41c3780 Exception <a 'java/lang/ArrayIndexOutOfBoundsException'{0x00000000ebb5ddc8}> (0x00000000ebb5ddc8) 
thrown [s\src\hotspot\share\runtime\sharedRuntime.cpp, line 631]
Event: 160.970 Thread 0x000001a4b41c3780 Exception <a 'java/lang/ArrayIndexOutOfBoundsException'{0x00000000ebb5e3f8}> (0x00000000ebb5e3f8) 
thrown [s\src\hotspot\share\runtime\sharedRuntime.cpp, line 631]
Event: 160.970 Thread 0x000001a4b41c3780 Exception <a 'java/lang/ArrayIndexOutOfBoundsException'{0x00000000ebb5e780}> (0x00000000ebb5e780) 
thrown [s\src\hotspot\share\runtime\sharedRuntime.cpp, line 631]
Event: 161.261 Thread 0x000001a4b41c3780 Exception <a 'java/lang/ArrayIndexOutOfBoundsException'{0x00000000ebe623e8}> (0x00000000ebe623e8) 
thrown [s\src\hotspot\share\runtime\sharedRuntime.cpp, line 631]
Event: 161.261 Thread 0x000001a4b41c3780 Exception <a 'java/lang/ArrayIndexOutOfBoundsException'{0x00000000ebe62a18}> (0x00000000ebe62a18) 
thrown [s\src\hotspot\share\runtime\sharedRuntime.cpp, line 631]
Event: 161.261 Thread 0x000001a4b41c3780 Exception <a 'java/lang/ArrayIndexOutOfBoundsException'{0x00000000ebe62da0}> (0x00000000ebe62da0) 
thrown [s\src\hotspot\share\runtime\sharedRuntime.cpp, line 631]
Event: 161.305 Thread 0x000001a4b41c3780 Exception <a 'java/lang/ArrayIndexOutOfBoundsException'{0x00000000ec0ac208}> (0x00000000ec0ac208) 
thrown [s\src\hotspot\share\runtime\sharedRuntime.cpp, line 631]
Event: 161.305 Thread 0x000001a4b41c3780 Exception <a 'java/lang/ArrayIndexOutOfBoundsException'{0x00000000ec0ac838}> (0x00000000ec0ac838) 
thrown [s\src\hotspot\share\runtime\sharedRuntime.cpp, line 631]
Event: 161.305 Thread 0x000001a4b41c3780 Exception <a 'java/lang/ArrayIndexOutOfBoundsException'{0x00000000ec0acbc0}> (0x00000000ec0acbc0) 
thrown [s\src\hotspot\share\runtime\sharedRuntime.cpp, line 631]

VM Operations (20 events):
Event: 153.550 Executing VM operation: HandshakeAllThreads
Event: 153.550 Executing VM operation: HandshakeAllThreads done
Event: 153.677 Executing VM operation: HandshakeAllThreads
Event: 153.678 Executing VM operation: HandshakeAllThreads done
Event: 153.678 Executing VM operation: Cleanup
Event: 153.681 Executing VM operation: Cleanup done
Event: 154.331 Executing VM operation: ParallelGCFailedAllocation
Event: 154.341 Executing VM operation: ParallelGCFailedAllocation done
Event: 155.346 Executing VM operation: Cleanup
Event: 155.351 Executing VM operation: Cleanup done
Event: 157.352 Executing VM operation: Cleanup
Event: 157.352 Executing VM operation: Cleanup done
Event: 158.314 Executing VM operation: ParallelGCFailedAllocation
Event: 158.326 Executing VM operation: ParallelGCFailedAllocation done
Event: 159.326 Executing VM operation: Cleanup
Event: 159.326 Executing VM operation: Cleanup done
Event: 161.328 Executing VM operation: Cleanup
Event: 161.328 Executing VM operation: Cleanup done
Event: 162.328 Executing VM operation: Cleanup
Event: 162.328 Executing VM operation: Cleanup done

Events (20 events):
Event: 153.705 Thread 0x000001a4b1e309c0 flushing nmethod 0x000001a49d484610
Event: 153.705 Thread 0x000001a4b1e309c0 flushing nmethod 0x000001a49d484c10
Event: 153.705 Thread 0x000001a4b1e309c0 flushing nmethod 0x000001a49d484f90
Event: 153.705 Thread 0x000001a4b1e309c0 flushing nmethod 0x000001a49d485310
Event: 153.705 Thread 0x000001a4b1e309c0 flushing nmethod 0x000001a49d485690
Event: 153.705 Thread 0x000001a4b1e309c0 flushing nmethod 0x000001a49d485c10
Event: 153.705 Thread 0x000001a4b1e309c0 flushing nmethod 0x000001a49d486190
Event: 153.705 Thread 0x000001a4b1e309c0 flushing nmethod 0x000001a49d486710
Event: 153.705 Thread 0x000001a4b1e309c0 flushing nmethod 0x000001a49d486c90
Event: 153.705 Thread 0x000001a4b1e309c0 flushing nmethod 0x000001a49d487210
Event: 153.705 Thread 0x000001a4b1e309c0 flushing nmethod 0x000001a49d488310
Event: 153.705 Thread 0x000001a4b1e309c0 flushing nmethod 0x000001a49d488910
Event: 153.705 Thread 0x000001a4b1e309c0 flushing nmethod 0x000001a49d489110
Event: 153.705 Thread 0x000001a4b1e309c0 flushing nmethod 0x000001a49d489610
Event: 153.705 Thread 0x000001a4b1e309c0 flushing nmethod 0x000001a49d489b90
Event: 153.705 Thread 0x000001a4b1e309c0 flushing nmethod 0x000001a49d48a210
Event: 153.705 Thread 0x000001a4b1e309c0 flushing nmethod 0x000001a49d48bf90
Event: 154.654 Thread 0x000001a4b63f57d0 Thread exited: 0x000001a4b63f57d0
Event: 157.003 Thread 0x000001a4b63facd0 Thread added: 0x000001a4b63facd0
Event: 159.881 Thread 0x000001a4b63facd0 Thread exited: 0x000001a4b63facd0


Dynamic libraries:
0x00007ff76a0e0000 - 0x00007ff76a0ee000 	c:\Users\user\.vscode\extensions\redhat.java-1.34.0-win32-x64\jre\17.0.12-win32-x86_64\bin\java.exe
0x00007fffb1df0000 - 0x00007fffb1fe8000 	C:\Windows\SYSTEM32\ntdll.dll
0x00007fffb1320000 - 0x00007fffb13e1000 	C:\Windows\System32\KERNEL32.DLL
0x00007fffaf9d0000 - 0x00007fffafccd000 	C:\Windows\System32\KERNELBASE.dll
0x00007fffaf8a0000 - 0x00007fffaf9a0000 	C:\Windows\System32\ucrtbase.dll
0x00007fffa9f80000 - 0x00007fffa9f97000 	c:\Users\user\.vscode\extensions\redhat.java-1.34.0-win32-x64\jre\17.0.12-win32-x86_64\bin\jli.dll
0x00007fffb1180000 - 0x00007fffb131d000 	C:\Windows\System32\USER32.dll
0x00007fffafcd0000 - 0x00007fffafcf2000 	C:\Windows\System32\win32u.dll
0x00007fffafe20000 - 0x00007fffafe4b000 	C:\Windows\System32\GDI32.dll
0x00007fffaf4f0000 - 0x00007fffaf607000 	C:\Windows\System32\gdi32full.dll
0x00007fffaf610000 - 0x00007fffaf6ad000 	C:\Windows\System32\msvcp_win.dll
0x00007fff9c380000 - 0x00007fff9c39b000 	c:\Users\user\.vscode\extensions\redhat.java-1.34.0-win32-x64\jre\17.0.12-win32-x86_64\bin\VCRUNTIME140.dll
0x00007fff96e90000 - 0x00007fff9712a000 	C:\Windows\WinSxS\amd64_microsoft.windows.common-controls_6595b64144ccf1df_6.0.19041.4355_none_60b8b9eb71f62e16\COMCTL32.dll
0x00007fffb0710000 - 0x00007fffb07ae000 	C:\Windows\System32\msvcrt.dll
0x00007fffb0ee0000 - 0x00007fffb0f0f000 	C:\Windows\System32\IMM32.DLL
0x00007fffa9f30000 - 0x00007fffa9f3c000 	c:\Users\user\.vscode\extensions\redhat.java-1.34.0-win32-x64\jre\17.0.12-win32-x86_64\bin\vcruntime140_1.dll
0x00007fff62bd0000 - 0x00007fff62c5d000 	c:\Users\user\.vscode\extensions\redhat.java-1.34.0-win32-x64\jre\17.0.12-win32-x86_64\bin\msvcp140.dll
0x00007fff02cd0000 - 0x00007fff0393a000 	c:\Users\user\.vscode\extensions\redhat.java-1.34.0-win32-x64\jre\17.0.12-win32-x86_64\bin\server\jvm.dll
0x00007fffb1d00000 - 0x00007fffb1db0000 	C:\Windows\System32\ADVAPI32.dll
0x00007fffb0d10000 - 0x00007fffb0db0000 	C:\Windows\System32\sechost.dll
0x00007fffb1050000 - 0x00007fffb1173000 	C:\Windows\System32\RPCRT4.dll
0x00007fffaf9a0000 - 0x00007fffaf9c7000 	C:\Windows\System32\bcrypt.dll
0x00007fffb1590000 - 0x00007fffb15fb000 	C:\Windows\System32\WS2_32.dll
0x00007fffaea30000 - 0x00007fffaea7b000 	C:\Windows\SYSTEM32\POWRPROF.dll
0x00007fff97d90000 - 0x00007fff97db7000 	C:\Windows\SYSTEM32\WINMM.dll
0x00007fffa1dd0000 - 0x00007fffa1dda000 	C:\Windows\SYSTEM32\VERSION.dll
0x00007fffae8a0000 - 0x00007fffae8b2000 	C:\Windows\SYSTEM32\UMPDC.dll
0x00007fffadcc0000 - 0x00007fffadcd2000 	C:\Windows\SYSTEM32\kernel.appcore.dll
0x00007fffa9cb0000 - 0x00007fffa9cba000 	c:\Users\user\.vscode\extensions\redhat.java-1.34.0-win32-x64\jre\17.0.12-win32-x86_64\bin\jimage.dll
0x00007fff95ab0000 - 0x00007fff95c94000 	C:\Windows\SYSTEM32\DBGHELP.DLL
0x00007fff96150000 - 0x00007fff96184000 	C:\Windows\SYSTEM32\dbgcore.DLL
0x00007fffaf810000 - 0x00007fffaf892000 	C:\Windows\System32\bcryptPrimitives.dll
0x00007fff99410000 - 0x00007fff9941e000 	c:\Users\user\.vscode\extensions\redhat.java-1.34.0-win32-x64\jre\17.0.12-win32-x86_64\bin\instrument.dll
0x00007fff8bfa0000 - 0x00007fff8bfc5000 	c:\Users\user\.vscode\extensions\redhat.java-1.34.0-win32-x64\jre\17.0.12-win32-x86_64\bin\java.dll
0x00007fff993f0000 - 0x00007fff99408000 	c:\Users\user\.vscode\extensions\redhat.java-1.34.0-win32-x64\jre\17.0.12-win32-x86_64\bin\zip.dll
0x00007fffaffa0000 - 0x00007fffb070f000 	C:\Windows\System32\SHELL32.dll
0x00007fffad0b0000 - 0x00007fffad853000 	C:\Windows\SYSTEM32\windows.storage.dll
0x00007fffb16b0000 - 0x00007fffb1a03000 	C:\Windows\System32\combase.dll
0x00007fffaeed0000 - 0x00007fffaeefe000 	C:\Windows\SYSTEM32\Wldp.dll
0x00007fffb0f20000 - 0x00007fffb0fed000 	C:\Windows\System32\OLEAUT32.dll
0x00007fffb1480000 - 0x00007fffb152d000 	C:\Windows\System32\SHCORE.dll
0x00007fffb1a10000 - 0x00007fffb1a65000 	C:\Windows\System32\shlwapi.dll
0x00007fffaf3d0000 - 0x00007fffaf3f4000 	C:\Windows\SYSTEM32\profapi.dll
0x00007fff88fb0000 - 0x00007fff88fc9000 	C:\Users\user\.vscode\extensions\redhat.java-1.34.0-win32-x64\jre\17.0.12-win32-x86_64\bin\net.dll
0x00007fffa68e0000 - 0x00007fffa69ed000 	C:\Windows\SYSTEM32\WINHTTP.dll
0x00007fffaec30000 - 0x00007fffaec9a000 	C:\Windows\system32\mswsock.dll
0x00007fff88eb0000 - 0x00007fff88ec6000 	C:\Users\user\.vscode\extensions\redhat.java-1.34.0-win32-x64\jre\17.0.12-win32-x86_64\bin\nio.dll
0x00007fff93c90000 - 0x00007fff93ca0000 	c:\Users\user\.vscode\extensions\redhat.java-1.34.0-win32-x64\jre\17.0.12-win32-x86_64\bin\verify.dll
0x00007fff88070000 - 0x00007fff880b5000 	C:\Users\user\AppData\Roaming\Code\User\globalStorage\redhat.java\1.34.0\config_win\org.eclipse.equinox.launcher\org.eclipse.equinox.launcher.win32.win32.x86_64_1.2.1100.v20240722-2106\eclipse_11904.dll
0x00007fffb0db0000 - 0x00007fffb0edb000 	C:\Windows\System32\ole32.dll
0x00007fffaee20000 - 0x00007fffaee38000 	C:\Windows\SYSTEM32\CRYPTSP.dll
0x00007fffae4e0000 - 0x00007fffae514000 	C:\Windows\system32\rsaenh.dll
0x00007fffaf390000 - 0x00007fffaf3be000 	C:\Windows\SYSTEM32\USERENV.dll
0x00007fffaee40000 - 0x00007fffaee4c000 	C:\Windows\SYSTEM32\CRYPTBASE.dll
0x00007fffae8c0000 - 0x00007fffae8fb000 	C:\Windows\SYSTEM32\IPHLPAPI.DLL
0x00007fffb0f10000 - 0x00007fffb0f18000 	C:\Windows\System32\NSI.dll
0x00007fffa7d80000 - 0x00007fffa7d97000 	C:\Windows\SYSTEM32\dhcpcsvc6.DLL
0x00007fffa7d40000 - 0x00007fffa7d5d000 	C:\Windows\SYSTEM32\dhcpcsvc.DLL
0x00007fffae910000 - 0x00007fffae9da000 	C:\Windows\SYSTEM32\DNSAPI.dll
0x00007fff60700000 - 0x00007fff60745000 	C:\Users\user\AppData\Local\Temp\jna-3599307\jna1974670727510919166.dll
0x00007fffaff90000 - 0x00007fffaff98000 	C:\Windows\System32\PSAPI.DLL
0x00007fff91460000 - 0x00007fff9146e000 	C:\Users\user\.vscode\extensions\redhat.java-1.34.0-win32-x64\jre\17.0.12-win32-x86_64\bin\sunmscapi.dll
0x00007fffaf6b0000 - 0x00007fffaf80c000 	C:\Windows\System32\CRYPT32.dll
0x00007fffaef40000 - 0x00007fffaef69000 	C:\Windows\SYSTEM32\ncrypt.dll
0x00007fffaef00000 - 0x00007fffaef3b000 	C:\Windows\SYSTEM32\NTASN1.dll
0x0000000077820000 - 0x0000000077846000 	C:\Program Files\Bonjour\mdnsNSP.dll
0x00007fffa62b0000 - 0x00007fffa62ba000 	C:\Windows\System32\rasadhlp.dll
0x00007fffa33d0000 - 0x00007fffa3450000 	C:\Windows\System32\fwpuclnt.dll
0x00007fff8ecc0000 - 0x00007fff8ecc9000 	C:\Users\user\.vscode\extensions\redhat.java-1.34.0-win32-x64\jre\17.0.12-win32-x86_64\bin\extnet.dll

dbghelp: loaded successfully - version: 4.0.5 - missing functions: none
symbol engine: initialized successfully - sym options: 0x614 - pdb path: .;c:\Users\user\.vscode\extensions\redhat.java-1.34.0-win32-x64\jre\17.0.12-win32-x86_64\bin;C:\Windows\SYSTEM32;C:\Windows\WinSxS\amd64_microsoft.windows.common-controls_6595b64144ccf1df_6.0.19041.4355_none_60b8b9eb71f62e16;c:\Users\user\.vscode\extensions\redhat.java-1.34.0-win32-x64\jre\17.0.12-win32-x86_64\bin\server;C:\Users\user\AppData\Roaming\Code\User\globalStorage\redhat.java\1.34.0\config_win\org.eclipse.equinox.launcher\org.eclipse.equinox.launcher.win32.win32.x86_64_1.2.1100.v20240722-2106;C:\Users\user\AppData\Local\Temp\jna-3599307;C:\Program Files\Bonjour

VM Arguments:
jvm_args: --add-modules=ALL-SYSTEM --add-opens=java.base/java.util=ALL-UNNAMED --add-opens=java.base/java.lang=ALL-UNNAMED --add-opens=java.base/sun.nio.fs=ALL-UNNAMED -Declipse.application=org.eclipse.jdt.ls.core.id1 -Dosgi.bundles.defaultStartLevel=4 -Declipse.product=org.eclipse.jdt.ls.core.product -Djava.import.generatesMetadataFilesAtProjectRoot=false -DDetectVMInstallationsJob.disabled=true -Dfile.encoding=utf8 -XX:+UseParallelGC -XX:GCTimeRatio=4 -XX:AdaptiveSizePolicyWeight=90 -Dsun.zip.disableMemoryMapping=true -Xmx1G -Xms100m -Xlog:disable -javaagent:c:\Users\user\.vscode\extensions\redhat.java-1.34.0-win32-x64\lombok\lombok-1.18.33.jar -XX:+HeapDumpOnOutOfMemoryError -XX:HeapDumpPath=c:\Users\user\AppData\Roaming\Code\User\workspaceStorage\a669838097043aebdc5896f5764c4eb6\redhat.java -Daether.dependencyCollector.impl=bf 
java_command: c:\Users\user\.vscode\extensions\redhat.java-1.34.0-win32-x64\server\plugins\org.eclipse.equinox.launcher_1.6.900.v20240613-2009.jar -configuration c:\Users\user\AppData\Roaming\Code\User\globalStorage\redhat.java\1.34.0\config_win -data c:\Users\user\AppData\Roaming\Code\User\workspaceStorage\a669838097043aebdc5896f5764c4eb6\redhat.java\jdt_ws --pipe=\\.\pipe\lsp-ca9709269db9caabcfa1e076237eedaa-sock
java_class_path (initial): c:\Users\user\.vscode\extensions\redhat.java-1.34.0-win32-x64\server\plugins\org.eclipse.equinox.launcher_1.6.900.v20240613-2009.jar
Launcher Type: SUN_STANDARD

[Global flags]
    uintx AdaptiveSizePolicyWeight                 = 90                                        {product} {command line}
     intx CICompilerCount                          = 3                                         {product} {ergonomic}
    uintx GCTimeRatio                              = 4                                         {product} {command line}
     bool HeapDumpOnOutOfMemoryError               = true                                   {manageable} {command line}
    ccstr HeapDumpPath                             = c:\Users\user\AppData\Roaming\Code\User\workspaceStorage\a669838097043aebdc5896f5764c4eb6\redhat.java         {manageable} {command line}
   size_t InitialHeapSize                          = 104857600                                 {product} {command line}
   size_t MaxHeapSize                              = 1073741824                                {product} {command line}
   size_t MaxNewSize                               = 357564416                                 {product} {ergonomic}
   size_t MinHeapDeltaBytes                        = 524288                                    {product} {ergonomic}
   size_t MinHeapSize                              = 104857600                                 {product} {command line}
   size_t NewSize                                  = 34603008                                  {product} {ergonomic}
    uintx NonNMethodCodeHeapSize                   = 5832780                                {pd product} {ergonomic}
    uintx NonProfiledCodeHeapSize                  = 122912730                              {pd product} {ergonomic}
   size_t OldSize                                  = 70254592                                  {product} {ergonomic}
    uintx ProfiledCodeHeapSize                     = 122912730                              {pd product} {ergonomic}
    uintx ReservedCodeCacheSize                    = 251658240                              {pd product} {ergonomic}
     bool SegmentedCodeCache                       = true                                      {product} {ergonomic}
   size_t SoftMaxHeapSize                          = 1073741824                             {manageable} {ergonomic}
     bool UseCompressedClassPointers               = true                           {product lp64_product} {ergonomic}
     bool UseCompressedOops                        = true                           {product lp64_product} {ergonomic}
     bool UseLargePagesIndividualAllocation        = false                                  {pd product} {ergonomic}
     bool UseParallelGC                            = true                                      {product} {command line}

Logging:
Log output configuration:
 #0: stdout all=off uptime,level,tags
 #1: stderr all=off uptime,level,tags

Environment Variables:
JAVA_HOME=C:\Program Files\Java\jdk-21
PATH=C:\Program Files\Common Files\Oracle\Java\javapath;C:\Program Files (x86)\Common Files\Oracle\Java\java8path;C:\Program Files (x86)\Common Files\Oracle\Java\javapath;C:\Windows\system32;C:\Windows;C:\Windows\System32\Wbem;C:\Windows\System32\WindowsPowerShell\v1.0\;C:\Windows\System32\OpenSSH\;C:\Program Files\Microsoft SQL Server\130\Tools\Binn\;C:\Program Files\Git\cmd;C:\Program Files\Microsoft SQL Server\150\Tools\Binn\;C:\Program Files\nodejs\;C:\ProgramData\chocolatey\bin;C:\Program Files\Java\jdk-21\bin;C:\cygwin64\bin;C:\Program Files (x86)\Microsoft SQL Server\160\Tools\Binn\;C:\Program Files\Microsoft SQL Server\160\Tools\Binn\;C:\Program Files\Microsoft SQL Server\Client SDK\ODBC\170\Tools\Binn\;C:\Program Files\Microsoft SQL Server\160\DTS\Binn\;C:\Program Files (x86)\Microsoft SQL Server\160\DTS\Binn\;C:\Program Files\dotnet\;C:\Users\user\AppData\Local\Microsoft\WindowsApps;C:\Program Files\Java\jdk-21\bin;C:\Program Files\Android\build-tools\29.0.3;C:\Program Files\Android\tools;C:\Program Files\Android\platform-tools;C:\Users\user\AppData\Local\Programs\Microsoft VS Code\bin;C:\Users\user\AppData\Roaming\npm;C:\Program Files\Java\jdk-21\bin;C:\Users\user\AppData\Local\Muse Hub\lib
USERNAME=user
OS=Windows_NT
PROCESSOR_IDENTIFIER=Intel64 Family 6 Model 78 Stepping 3, GenuineIntel
TMP=C:\Users\user\AppData\Local\Temp
TEMP=C:\Users\user\AppData\Local\Temp



Periodic native trim disabled


---------------  S Y S T E M  ---------------

OS:
 Windows 10 , 64 bit Build 19041 (10.0.19041.4842)
OS uptime: 1 days 21:35 hours

CPU: total 4 (initial active 4) (2 cores per cpu, 2 threads per core) family 6 model 78 stepping 3 microcode 0xd6, cx8, cmov, fxsr, ht, mmx, 3dnowpref, sse, sse2, sse3, ssse3, sse4.1, sse4.2, popcnt, lzcnt, tsc, tscinvbit, avx, avx2, aes, erms, clmul, bmi1, bmi2, rtm, adx, fma, vzeroupper, clflush, clflushopt
Processor Information for all 4 processors :
  Max Mhz: 2808, Current Mhz: 2607, Mhz Limit: 2583

Memory: 4k page, system-wide physical 15783M (3094M free)
TotalPageFile size 22058M (AvailPageFile size 11M)
current process WorkingSet (physical memory assigned to process): 777M, peak: 877M
current process commit charge ("private bytes"): 664M, peak: 801M

vm_info: OpenJDK 64-Bit Server VM (17.0.12+7) for windows-amd64 JRE (17.0.12+7), built on Jul 16 2024 22:08:24 by "admin" with MS VC++ 16.10 / 16.11 (VS2019)

END.
