#
# There is insufficient memory for the Java Runtime Environment to continue.
# Native memory allocation (malloc) failed to allocate 32744 bytes. Error detail: ChunkPool::allocate
# Possible reasons:
#   The system is out of physical RAM or swap space
#   This process is running with CompressedOops enabled, and the Java Heap may be blocking the growth of the native heap
# Possible solutions:
#   Reduce memory load on the system
#   Increase physical memory or swap space
#   Check if swap backing store is full
#   Decrease Java heap size (-Xmx/-Xms)
#   Decrease number of Java threads
#   Decrease Java thread stack sizes (-Xss)
#   Set larger code cache with -XX:ReservedCodeCacheSize=
#   JVM is running with Unscaled Compressed Oops mode in which the Java heap is
#     placed in the first 4GB address space. The Java Heap base address is the
#     maximum limit for the native heap growth. Please use -XX:HeapBaseMinAddress
#     to set the Java Heap base and to place the Java Heap above 4GB virtual address.
# This output file may be truncated or incomplete.
#
#  Out of Memory Error (arena.cpp:79), pid=18092, tid=16016
#
# JRE version: OpenJDK Runtime Environment Temurin-17.0.12+7 (17.0.12+7) (build 17.0.12+7)
# Java VM: OpenJDK 64-Bit Server VM Temurin-17.0.12+7 (17.0.12+7, mixed mode, tiered, compressed oops, compressed class ptrs, parallel gc, windows-amd64)
# No core dump will be written. Minidumps are not enabled by default on client versions of Windows
#

---------------  S U M M A R Y ------------

Command Line: --add-modules=ALL-SYSTEM --add-opens=java.base/java.util=ALL-UNNAMED --add-opens=java.base/java.lang=ALL-UNNAMED --add-opens=java.base/sun.nio.fs=ALL-UNNAMED -Declipse.application=org.eclipse.jdt.ls.core.id1 -Dosgi.bundles.defaultStartLevel=4 -Declipse.product=org.eclipse.jdt.ls.core.product -Djava.import.generatesMetadataFilesAtProjectRoot=false -DDetectVMInstallationsJob.disabled=true -Dfile.encoding=utf8 -XX:+UseParallelGC -XX:GCTimeRatio=4 -XX:AdaptiveSizePolicyWeight=90 -Dsun.zip.disableMemoryMapping=true -Xmx1G -Xms100m -Xlog:disable -javaagent:c:\Users\user\.vscode\extensions\redhat.java-1.34.0-win32-x64\lombok\lombok-1.18.33.jar c:\Users\user\.vscode\extensions\redhat.java-1.34.0-win32-x64\server\plugins\org.eclipse.equinox.launcher_1.6.900.v20240613-2009.jar -configuration c:\Users\user\AppData\Roaming\Code\User\globalStorage\redhat.java\1.34.0\config_ss_win -data c:\Users\user\AppData\Roaming\Code\User\workspaceStorage\a669838097043aebdc5896f5764c4eb6\redhat.java\ss_ws --pipe=\\.\pipe\lsp-f2881b93f765787e15af913a0270194f-sock

Host: Intel(R) Core(TM) i7-6600U CPU @ 2.60GHz, 4 cores, 15G,  Windows 10 , 64 bit Build 19041 (10.0.19041.4842)
Time: Mon Sep 23 21:04:56 2024 Hora oficial do Brasil elapsed time: 8.181832 seconds (0d 0h 0m 8s)

---------------  T H R E A D  ---------------

Current thread (0x00000163d74be230):  JavaThread "C2 CompilerThread0" daemon [_thread_in_native, id=16016, stack(0x0000001f68100000,0x0000001f68200000)]


Current CompileTask:
C2:   8181 2420       4       org.lombokweb.asm.ClassReader::readMethod (1066 bytes)

Stack: [0x0000001f68100000,0x0000001f68200000]
Native frames: (J=compiled Java code, j=interpreted, Vv=VM code, C=native code)
V  [jvm.dll+0x67f929]
V  [jvm.dll+0x8371ba]
V  [jvm.dll+0x838c7e]
V  [jvm.dll+0x8392e3]
V  [jvm.dll+0x24834f]
V  [jvm.dll+0xacbd1]
V  [jvm.dll+0xad01c]
V  [jvm.dll+0xacadb]
V  [jvm.dll+0x65e1b9]
V  [jvm.dll+0x6a5c4a]
V  [jvm.dll+0x6cb2c5]
V  [jvm.dll+0x1bd470]
V  [jvm.dll+0x21aa09]
V  [jvm.dll+0x219cf1]
V  [jvm.dll+0x1a58bd]
V  [jvm.dll+0x229a2d]
V  [jvm.dll+0x227bdc]
V  [jvm.dll+0x7ec1f7]
V  [jvm.dll+0x7e65dc]
V  [jvm.dll+0x67e7f7]
C  [ucrtbase.dll+0x21bb2]
C  [KERNEL32.DLL+0x17374]
C  [ntdll.dll+0x4cc91]


---------------  P R O C E S S  ---------------

Threads class SMR info:
_java_thread_list=0x00000163f125ba40, length=21, elements={
0x00000163d73ffde0, 0x00000163d74b5580, 0x00000163d74b8b40, 0x00000163d74ba080,
0x00000163d74bae10, 0x00000163d74bbba0, 0x00000163d74bd580, 0x00000163d74be230,
0x00000163f04763b0, 0x00000163f0493060, 0x00000163f0543010, 0x00000163f07137f0,
0x00000163f0eab950, 0x00000163f0e34ff0, 0x00000163f0e1c030, 0x00000163f0e9a840,
0x00000163f0e9a330, 0x00000163f0e97090, 0x00000163f0e99400, 0x00000163f0e99910,
0x00000163f0e97ab0
}

Java Threads: ( => current thread )
  0x00000163d73ffde0 JavaThread "main" [_thread_blocked, id=6452, stack(0x0000001f67800000,0x0000001f67900000)]
  0x00000163d74b5580 JavaThread "Reference Handler" daemon [_thread_blocked, id=24152, stack(0x0000001f67b00000,0x0000001f67c00000)]
  0x00000163d74b8b40 JavaThread "Finalizer" daemon [_thread_blocked, id=20228, stack(0x0000001f67c00000,0x0000001f67d00000)]
  0x00000163d74ba080 JavaThread "Signal Dispatcher" daemon [_thread_blocked, id=2872, stack(0x0000001f67d00000,0x0000001f67e00000)]
  0x00000163d74bae10 JavaThread "Attach Listener" daemon [_thread_blocked, id=16744, stack(0x0000001f67e00000,0x0000001f67f00000)]
  0x00000163d74bbba0 JavaThread "Service Thread" daemon [_thread_blocked, id=23500, stack(0x0000001f67f00000,0x0000001f68000000)]
  0x00000163d74bd580 JavaThread "Monitor Deflation Thread" daemon [_thread_blocked, id=18412, stack(0x0000001f68000000,0x0000001f68100000)]
=>0x00000163d74be230 JavaThread "C2 CompilerThread0" daemon [_thread_in_native, id=16016, stack(0x0000001f68100000,0x0000001f68200000)]
  0x00000163f04763b0 JavaThread "C1 CompilerThread0" daemon [_thread_blocked, id=24368, stack(0x0000001f68200000,0x0000001f68300000)]
  0x00000163f0493060 JavaThread "Sweeper thread" daemon [_thread_blocked, id=12404, stack(0x0000001f68300000,0x0000001f68400000)]
  0x00000163f0543010 JavaThread "Common-Cleaner" daemon [_thread_blocked, id=16480, stack(0x0000001f68400000,0x0000001f68500000)]
  0x00000163f07137f0 JavaThread "Notification Thread" daemon [_thread_blocked, id=6724, stack(0x0000001f68500000,0x0000001f68600000)]
  0x00000163f0eab950 JavaThread "Active Thread: Equinox Container: ec420920-1eec-4b9a-96c4-85bd5ec83a19" [_thread_blocked, id=19828, stack(0x0000001f68b00000,0x0000001f68c00000)]
  0x00000163f0e34ff0 JavaThread "Framework Event Dispatcher: Equinox Container: ec420920-1eec-4b9a-96c4-85bd5ec83a19" daemon [_thread_blocked, id=23256, stack(0x0000001f68c00000,0x0000001f68d00000)]
  0x00000163f0e1c030 JavaThread "Start Level: Equinox Container: ec420920-1eec-4b9a-96c4-85bd5ec83a19" daemon [_thread_in_vm, id=9580, stack(0x0000001f68d00000,0x0000001f68e00000)]
  0x00000163f0e9a840 JavaThread "SCR Component Actor" daemon [_thread_blocked, id=17580, stack(0x0000001f68a00000,0x0000001f68b00000)]
  0x00000163f0e9a330 JavaThread "SCR Component Registry" daemon [_thread_blocked, id=20640, stack(0x0000001f68e00000,0x0000001f68f00000)]
  0x00000163f0e97090 JavaThread "Worker-JM" [_thread_blocked, id=24376, stack(0x0000001f68f00000,0x0000001f69000000)]
  0x00000163f0e99400 JavaThread "JNA Cleaner" daemon [_thread_blocked, id=21448, stack(0x0000001f69000000,0x0000001f69100000)]
  0x00000163f0e99910 JavaThread "Worker-0" [_thread_blocked, id=3284, stack(0x0000001f69100000,0x0000001f69200000)]
  0x00000163f0e97ab0 JavaThread "Worker-1" [_thread_blocked, id=16320, stack(0x0000001f69200000,0x0000001f69300000)]

Other Threads:
  0x00000163eb236880 VMThread "VM Thread" [stack: 0x0000001f67a00000,0x0000001f67b00000] [id=21100]
  0x00000163f0713cd0 WatcherThread [stack: 0x0000001f68600000,0x0000001f68700000] [id=2572]
  0x00000163d7415d80 GCTaskThread "GC Thread#0" [stack: 0x0000001f67900000,0x0000001f67a00000] [id=19672]
  0x00000163f0f7c850 GCTaskThread "GC Thread#1" [stack: 0x0000001f68700000,0x0000001f68800000] [id=13976]
  0x00000163f0da7f20 GCTaskThread "GC Thread#2" [stack: 0x0000001f68800000,0x0000001f68900000] [id=5320]
  0x00000163f0da81e0 GCTaskThread "GC Thread#3" [stack: 0x0000001f68900000,0x0000001f68a00000] [id=15940]

Threads with active compile tasks:
C2 CompilerThread0     8228 2420       4       org.lombokweb.asm.ClassReader::readMethod (1066 bytes)

VM state: not at safepoint (normal execution)

VM Mutex/Monitor currently owned by a thread: None

Heap address: 0x00000000c0000000, size: 1024 MB, Compressed Oops mode: 32-bit

CDS archive(s) not mapped
Compressed class space mapped at: 0x0000000100000000-0x0000000140000000, reserved size: 1073741824
Narrow klass base: 0x0000000000000000, Narrow klass shift: 3, Narrow klass range: 0x140000000

GC Precious Log:
 CPUs: 4 total, 4 available
 Memory: 15783M
 Large Page Support: Disabled
 NUMA Support: Disabled
 Compressed Oops: Enabled (32-bit)
 Alignments: Space 512K, Generation 512K, Heap 2M
 Heap Min Capacity: 100M
 Heap Initial Capacity: 100M
 Heap Max Capacity: 1G
 Pre-touch: Disabled
 Parallel Workers: 4

Heap:
 PSYoungGen      total 27648K, used 27362K [0x00000000eab00000, 0x00000000eca80000, 0x0000000100000000)
  eden space 25088K, 99% used [0x00000000eab00000,0x00000000ec3776b0,0x00000000ec380000)
  from space 2560K, 90% used [0x00000000ec400000,0x00000000ec6411e0,0x00000000ec680000)
  to   space 3584K, 0% used [0x00000000ec700000,0x00000000ec700000,0x00000000eca80000)
 ParOldGen       total 68608K, used 6796K [0x00000000c0000000, 0x00000000c4300000, 0x00000000eab00000)
  object space 68608K, 9% used [0x00000000c0000000,0x00000000c06a32f0,0x00000000c4300000)
 Metaspace       used 28185K, committed 28672K, reserved 1114112K
  class space    used 2749K, committed 3008K, reserved 1048576K

Card table byte_map: [0x00000163d6dd0000,0x00000163d6fe0000] _byte_map_base: 0x00000163d67d0000

Marking Bits: (ParMarkBitMap*) 0x00007fff038758b0
 Begin Bits: [0x00000163e90a0000, 0x00000163ea0a0000)
 End Bits:   [0x00000163ea0a0000, 0x00000163eb0a0000)

Polling page: 0x00000163d6bc0000

Metaspace:

Usage:
  Non-class:     24.84 MB used.
      Class:      2.68 MB used.
       Both:     27.52 MB used.

Virtual space:
  Non-class space:       64.00 MB reserved,      25.06 MB ( 39%) committed,  1 nodes.
      Class space:        1.00 GB reserved,       2.94 MB ( <1%) committed,  1 nodes.
             Both:        1.06 GB reserved,      28.00 MB (  3%) committed. 

Chunk freelists:
   Non-Class:  6.69 MB
       Class:  13.11 MB
        Both:  19.79 MB

MaxMetaspaceSize: unlimited
CompressedClassSpaceSize: 1.00 GB
Initial GC threshold: 21.00 MB
Current GC threshold: 35.00 MB
CDS: off
MetaspaceReclaimPolicy: balanced
 - commit_granule_bytes: 65536.
 - commit_granule_words: 8192.
 - virtual_space_node_default_size: 8388608.
 - enlarge_chunks_in_place: 1.
 - new_chunks_are_fully_committed: 0.
 - uncommit_free_chunks: 1.
 - use_allocation_guard: 0.
 - handle_deallocations: 1.


Internal statistics:

num_allocs_failed_limit: 3.
num_arena_births: 302.
num_arena_deaths: 14.
num_vsnodes_births: 2.
num_vsnodes_deaths: 0.
num_space_committed: 448.
num_space_uncommitted: 0.
num_chunks_returned_to_freelist: 17.
num_chunks_taken_from_freelist: 1063.
num_chunk_merges: 5.
num_chunk_splits: 694.
num_chunks_enlarged: 492.
num_inconsistent_stats: 0.

CodeHeap 'non-profiled nmethods': size=120000Kb used=993Kb max_used=993Kb free=119006Kb
 bounds [0x00000163e1b70000, 0x00000163e1de0000, 0x00000163e90a0000]
CodeHeap 'profiled nmethods': size=120000Kb used=4876Kb max_used=4876Kb free=115123Kb
 bounds [0x00000163da0a0000, 0x00000163da570000, 0x00000163e15d0000]
CodeHeap 'non-nmethods': size=5760Kb used=1231Kb max_used=1231Kb free=4529Kb
 bounds [0x00000163e15d0000, 0x00000163e1840000, 0x00000163e1b70000]
 total_blobs=3000 nmethods=2454 adapters=460
 compilation: enabled
              stopped_count=0, restarted_count=0
 full_count=0

Compilation events (20 events):
Event: 7.934 Thread 0x00000163f04763b0 2448       3       org.lombokweb.asm.MethodWriter::visitFrame (811 bytes)
Event: 7.937 Thread 0x00000163f04763b0 nmethod 2448 0x00000163da557190 code [0x00000163da557680, 0x00000163da5598b8]
Event: 8.003 Thread 0x00000163f04763b0 2449       3       org.lombokweb.asm.ClassReader::<init> (371 bytes)
Event: 8.005 Thread 0x00000163f04763b0 nmethod 2449 0x00000163da55a810 code [0x00000163da55aae0, 0x00000163da55bc98]
Event: 8.005 Thread 0x00000163f04763b0 2450       3       org.lombokweb.asm.SymbolTable::<init> (536 bytes)
Event: 8.008 Thread 0x00000163f04763b0 nmethod 2450 0x00000163da55c210 code [0x00000163da55c780, 0x00000163da55f008]
Event: 8.008 Thread 0x00000163f04763b0 2451       3       org.lombokweb.asm.MethodWriter::visitMethodInsn (191 bytes)
Event: 8.009 Thread 0x00000163f04763b0 nmethod 2451 0x00000163da560110 code [0x00000163da560340, 0x00000163da560b48]
Event: 8.009 Thread 0x00000163f04763b0 2452       3       org.lombokweb.asm.SymbolTable::addConstantMethodref (24 bytes)
Event: 8.009 Thread 0x00000163f04763b0 nmethod 2452 0x00000163da560e90 code [0x00000163da561040, 0x00000163da5611e8]
Event: 8.009 Thread 0x00000163f04763b0 2453       3       org.lombokweb.asm.Label::addForwardReference (102 bytes)
Event: 8.010 Thread 0x00000163f04763b0 nmethod 2453 0x00000163da561290 code [0x00000163da561440, 0x00000163da5618c8]
Event: 8.015 Thread 0x00000163f04763b0 2454       3       org.lombokweb.asm.ByteVector::putByteArray (49 bytes)
Event: 8.016 Thread 0x00000163f04763b0 nmethod 2454 0x00000163da561a90 code [0x00000163da561c40, 0x00000163da561f18]
Event: 8.019 Thread 0x00000163f04763b0 2455       3       java.lang.String::subSequence (7 bytes)
Event: 8.020 Thread 0x00000163f04763b0 nmethod 2455 0x00000163da562010 code [0x00000163da5621a0, 0x00000163da5622e8]
Event: 8.079 Thread 0x00000163f04763b0 2456       2       java.lang.StringLatin1::regionMatchesCI (98 bytes)
Event: 8.080 Thread 0x00000163f04763b0 nmethod 2456 0x00000163da562390 code [0x00000163da5625a0, 0x00000163da562998]
Event: 8.130 Thread 0x00000163f04763b0 2457       3       org.eclipse.core.internal.registry.Handle::<init> (15 bytes)
Event: 8.130 Thread 0x00000163f04763b0 nmethod 2457 0x00000163da562c90 code [0x00000163da562e20, 0x00000163da562f98]

GC Heap History (12 events):
Event: 2.418 GC heap before
{Heap before GC invocations=1 (full 0):
 PSYoungGen      total 29696K, used 25600K [0x00000000eab00000, 0x00000000ecc00000, 0x0000000100000000)
  eden space 25600K, 100% used [0x00000000eab00000,0x00000000ec400000,0x00000000ec400000)
  from space 4096K, 0% used [0x00000000ec800000,0x00000000ec800000,0x00000000ecc00000)
  to   space 4096K, 0% used [0x00000000ec400000,0x00000000ec400000,0x00000000ec800000)
 ParOldGen       total 68608K, used 0K [0x00000000c0000000, 0x00000000c4300000, 0x00000000eab00000)
  object space 68608K, 0% used [0x00000000c0000000,0x00000000c0000000,0x00000000c4300000)
 Metaspace       used 11009K, committed 11200K, reserved 1114112K
  class space    used 1097K, committed 1216K, reserved 1048576K
}
Event: 2.471 GC heap after
{Heap after GC invocations=1 (full 0):
 PSYoungGen      total 29696K, used 3156K [0x00000000eab00000, 0x00000000ecc00000, 0x0000000100000000)
  eden space 25600K, 0% used [0x00000000eab00000,0x00000000eab00000,0x00000000ec400000)
  from space 4096K, 77% used [0x00000000ec400000,0x00000000ec7152f0,0x00000000ec800000)
  to   space 4096K, 0% used [0x00000000ec800000,0x00000000ec800000,0x00000000ecc00000)
 ParOldGen       total 68608K, used 0K [0x00000000c0000000, 0x00000000c4300000, 0x00000000eab00000)
  object space 68608K, 0% used [0x00000000c0000000,0x00000000c0000000,0x00000000c4300000)
 Metaspace       used 11009K, committed 11200K, reserved 1114112K
  class space    used 1097K, committed 1216K, reserved 1048576K
}
Event: 4.042 GC heap before
{Heap before GC invocations=2 (full 0):
 PSYoungGen      total 29696K, used 28756K [0x00000000eab00000, 0x00000000ecc00000, 0x0000000100000000)
  eden space 25600K, 100% used [0x00000000eab00000,0x00000000ec400000,0x00000000ec400000)
  from space 4096K, 77% used [0x00000000ec400000,0x00000000ec7152f0,0x00000000ec800000)
  to   space 4096K, 0% used [0x00000000ec800000,0x00000000ec800000,0x00000000ecc00000)
 ParOldGen       total 68608K, used 0K [0x00000000c0000000, 0x00000000c4300000, 0x00000000eab00000)
  object space 68608K, 0% used [0x00000000c0000000,0x00000000c0000000,0x00000000c4300000)
 Metaspace       used 14759K, committed 15040K, reserved 1114112K
  class space    used 1494K, committed 1664K, reserved 1048576K
}
Event: 4.048 GC heap after
{Heap after GC invocations=2 (full 0):
 PSYoungGen      total 29696K, used 4089K [0x00000000eab00000, 0x00000000ecc00000, 0x0000000100000000)
  eden space 25600K, 0% used [0x00000000eab00000,0x00000000eab00000,0x00000000ec400000)
  from space 4096K, 99% used [0x00000000ec800000,0x00000000ecbfe770,0x00000000ecc00000)
  to   space 4096K, 0% used [0x00000000ec400000,0x00000000ec400000,0x00000000ec800000)
 ParOldGen       total 68608K, used 754K [0x00000000c0000000, 0x00000000c4300000, 0x00000000eab00000)
  object space 68608K, 1% used [0x00000000c0000000,0x00000000c00bcb60,0x00000000c4300000)
 Metaspace       used 14759K, committed 15040K, reserved 1114112K
  class space    used 1494K, committed 1664K, reserved 1048576K
}
Event: 5.343 GC heap before
{Heap before GC invocations=3 (full 0):
 PSYoungGen      total 29696K, used 29689K [0x00000000eab00000, 0x00000000ecc00000, 0x0000000100000000)
  eden space 25600K, 100% used [0x00000000eab00000,0x00000000ec400000,0x00000000ec400000)
  from space 4096K, 99% used [0x00000000ec800000,0x00000000ecbfe770,0x00000000ecc00000)
  to   space 4096K, 0% used [0x00000000ec400000,0x00000000ec400000,0x00000000ec800000)
 ParOldGen       total 68608K, used 754K [0x00000000c0000000, 0x00000000c4300000, 0x00000000eab00000)
  object space 68608K, 1% used [0x00000000c0000000,0x00000000c00bcb60,0x00000000c4300000)
 Metaspace       used 19781K, committed 20096K, reserved 1114112K
  class space    used 2021K, committed 2176K, reserved 1048576K
}
Event: 5.349 GC heap after
{Heap after GC invocations=3 (full 0):
 PSYoungGen      total 29696K, used 4080K [0x00000000eab00000, 0x00000000ecc00000, 0x0000000100000000)
  eden space 25600K, 0% used [0x00000000eab00000,0x00000000eab00000,0x00000000ec400000)
  from space 4096K, 99% used [0x00000000ec400000,0x00000000ec7fc3b0,0x00000000ec800000)
  to   space 4096K, 0% used [0x00000000ec800000,0x00000000ec800000,0x00000000ecc00000)
 ParOldGen       total 68608K, used 2439K [0x00000000c0000000, 0x00000000c4300000, 0x00000000eab00000)
  object space 68608K, 3% used [0x00000000c0000000,0x00000000c0261d50,0x00000000c4300000)
 Metaspace       used 19781K, committed 20096K, reserved 1114112K
  class space    used 2021K, committed 2176K, reserved 1048576K
}
Event: 5.881 GC heap before
{Heap before GC invocations=4 (full 0):
 PSYoungGen      total 29696K, used 10572K [0x00000000eab00000, 0x00000000ecc00000, 0x0000000100000000)
  eden space 25600K, 25% used [0x00000000eab00000,0x00000000eb156ff0,0x00000000ec400000)
  from space 4096K, 99% used [0x00000000ec400000,0x00000000ec7fc3b0,0x00000000ec800000)
  to   space 4096K, 0% used [0x00000000ec800000,0x00000000ec800000,0x00000000ecc00000)
 ParOldGen       total 68608K, used 2439K [0x00000000c0000000, 0x00000000c4300000, 0x00000000eab00000)
  object space 68608K, 3% used [0x00000000c0000000,0x00000000c0261d50,0x00000000c4300000)
 Metaspace       used 21058K, committed 21504K, reserved 1114112K
  class space    used 2151K, committed 2368K, reserved 1048576K
}
Event: 5.890 GC heap after
{Heap after GC invocations=4 (full 0):
 PSYoungGen      total 29696K, used 4078K [0x00000000eab00000, 0x00000000ecc00000, 0x0000000100000000)
  eden space 25600K, 0% used [0x00000000eab00000,0x00000000eab00000,0x00000000ec400000)
  from space 4096K, 99% used [0x00000000ec800000,0x00000000ecbfba88,0x00000000ecc00000)
  to   space 4096K, 0% used [0x00000000ec400000,0x00000000ec400000,0x00000000ec800000)
 ParOldGen       total 68608K, used 2911K [0x00000000c0000000, 0x00000000c4300000, 0x00000000eab00000)
  object space 68608K, 4% used [0x00000000c0000000,0x00000000c02d7dc0,0x00000000c4300000)
 Metaspace       used 21058K, committed 21504K, reserved 1114112K
  class space    used 2151K, committed 2368K, reserved 1048576K
}
Event: 5.890 GC heap before
{Heap before GC invocations=5 (full 1):
 PSYoungGen      total 29696K, used 4078K [0x00000000eab00000, 0x00000000ecc00000, 0x0000000100000000)
  eden space 25600K, 0% used [0x00000000eab00000,0x00000000eab00000,0x00000000ec400000)
  from space 4096K, 99% used [0x00000000ec800000,0x00000000ecbfba88,0x00000000ecc00000)
  to   space 4096K, 0% used [0x00000000ec400000,0x00000000ec400000,0x00000000ec800000)
 ParOldGen       total 68608K, used 2911K [0x00000000c0000000, 0x00000000c4300000, 0x00000000eab00000)
  object space 68608K, 4% used [0x00000000c0000000,0x00000000c02d7dc0,0x00000000c4300000)
 Metaspace       used 21058K, committed 21504K, reserved 1114112K
  class space    used 2151K, committed 2368K, reserved 1048576K
}
Event: 5.925 GC heap after
{Heap after GC invocations=5 (full 1):
 PSYoungGen      total 29696K, used 0K [0x00000000eab00000, 0x00000000ecc00000, 0x0000000100000000)
  eden space 25600K, 0% used [0x00000000eab00000,0x00000000eab00000,0x00000000ec400000)
  from space 4096K, 0% used [0x00000000ec800000,0x00000000ec800000,0x00000000ecc00000)
  to   space 4096K, 0% used [0x00000000ec400000,0x00000000ec400000,0x00000000ec800000)
 ParOldGen       total 68608K, used 6788K [0x00000000c0000000, 0x00000000c4300000, 0x00000000eab00000)
  object space 68608K, 9% used [0x00000000c0000000,0x00000000c06a12f0,0x00000000c4300000)
 Metaspace       used 21045K, committed 21504K, reserved 1114112K
  class space    used 2147K, committed 2368K, reserved 1048576K
}
Event: 7.429 GC heap before
{Heap before GC invocations=6 (full 1):
 PSYoungGen      total 29696K, used 25600K [0x00000000eab00000, 0x00000000ecc00000, 0x0000000100000000)
  eden space 25600K, 100% used [0x00000000eab00000,0x00000000ec400000,0x00000000ec400000)
  from space 4096K, 0% used [0x00000000ec800000,0x00000000ec800000,0x00000000ecc00000)
  to   space 4096K, 0% used [0x00000000ec400000,0x00000000ec400000,0x00000000ec800000)
 ParOldGen       total 68608K, used 6788K [0x00000000c0000000, 0x00000000c4300000, 0x00000000eab00000)
  object space 68608K, 9% used [0x00000000c0000000,0x00000000c06a12f0,0x00000000c4300000)
 Metaspace       used 23901K, committed 24448K, reserved 1114112K
  class space    used 2441K, committed 2688K, reserved 1048576K
}
Event: 7.431 GC heap after
{Heap after GC invocations=6 (full 1):
 PSYoungGen      total 27648K, used 2308K [0x00000000eab00000, 0x00000000eca80000, 0x0000000100000000)
  eden space 25088K, 0% used [0x00000000eab00000,0x00000000eab00000,0x00000000ec380000)
  from space 2560K, 90% used [0x00000000ec400000,0x00000000ec6411e0,0x00000000ec680000)
  to   space 3584K, 0% used [0x00000000ec700000,0x00000000ec700000,0x00000000eca80000)
 ParOldGen       total 68608K, used 6796K [0x00000000c0000000, 0x00000000c4300000, 0x00000000eab00000)
  object space 68608K, 9% used [0x00000000c0000000,0x00000000c06a32f0,0x00000000c4300000)
 Metaspace       used 23901K, committed 24448K, reserved 1114112K
  class space    used 2441K, committed 2688K, reserved 1048576K
}

Dll operation events (10 events):
Event: 0.024 Loaded shared library c:\Users\user\.vscode\extensions\redhat.java-1.34.0-win32-x64\jre\17.0.12-win32-x86_64\bin\java.dll
Event: 0.306 Loaded shared library c:\Users\user\.vscode\extensions\redhat.java-1.34.0-win32-x64\jre\17.0.12-win32-x86_64\bin\zip.dll
Event: 0.313 Loaded shared library C:\Users\user\.vscode\extensions\redhat.java-1.34.0-win32-x64\jre\17.0.12-win32-x86_64\bin\instrument.dll
Event: 0.331 Loaded shared library C:\Users\user\.vscode\extensions\redhat.java-1.34.0-win32-x64\jre\17.0.12-win32-x86_64\bin\net.dll
Event: 0.333 Loaded shared library C:\Users\user\.vscode\extensions\redhat.java-1.34.0-win32-x64\jre\17.0.12-win32-x86_64\bin\nio.dll
Event: 0.348 Loaded shared library C:\Users\user\.vscode\extensions\redhat.java-1.34.0-win32-x64\jre\17.0.12-win32-x86_64\bin\zip.dll
Event: 0.391 Loaded shared library C:\Users\user\.vscode\extensions\redhat.java-1.34.0-win32-x64\jre\17.0.12-win32-x86_64\bin\jimage.dll
Event: 0.625 Loaded shared library c:\Users\user\.vscode\extensions\redhat.java-1.34.0-win32-x64\jre\17.0.12-win32-x86_64\bin\verify.dll
Event: 3.608 Loaded shared library C:\Users\user\AppData\Roaming\Code\User\globalStorage\redhat.java\1.34.0\config_ss_win\org.eclipse.equinox.launcher\org.eclipse.equinox.launcher.win32.win32.x86_64_1.2.1100.v20240722-2106\eclipse_11904.dll
Event: 6.420 Loaded shared library C:\Users\user\AppData\Local\Temp\jna-3599307\jna15991948059489702445.dll

Deoptimization events (20 events):
Event: 7.216 Thread 0x00000163f0e1c030 DEOPT PACKING pc=0x00000163e1c60ac4 sp=0x0000001f68df83c0
Event: 7.216 Thread 0x00000163f0e1c030 DEOPT UNPACKING pc=0x00000163e16266a3 sp=0x0000001f68df8348 mode 2
Event: 7.216 Thread 0x00000163f0e1c030 Uncommon trap: trap_request=0xffffffde fr.pc=0x00000163e1c60ac4 relative=0x0000000000000124
Event: 7.216 Thread 0x00000163f0e1c030 Uncommon trap: reason=class_check action=maybe_recompile pc=0x00000163e1c60ac4 method=jdk.internal.misc.Unsafe.allocateUninitializedArray(Ljava/lang/Class;I)Ljava/lang/Object; @ 51 c2
Event: 7.216 Thread 0x00000163f0e1c030 DEOPT PACKING pc=0x00000163e1c60ac4 sp=0x0000001f68df83c0
Event: 7.216 Thread 0x00000163f0e1c030 DEOPT UNPACKING pc=0x00000163e16266a3 sp=0x0000001f68df8348 mode 2
Event: 7.218 Thread 0x00000163f0e1c030 Uncommon trap: trap_request=0xffffffde fr.pc=0x00000163e1c60ac4 relative=0x0000000000000124
Event: 7.218 Thread 0x00000163f0e1c030 Uncommon trap: reason=class_check action=maybe_recompile pc=0x00000163e1c60ac4 method=jdk.internal.misc.Unsafe.allocateUninitializedArray(Ljava/lang/Class;I)Ljava/lang/Object; @ 51 c2
Event: 7.218 Thread 0x00000163f0e1c030 DEOPT PACKING pc=0x00000163e1c60ac4 sp=0x0000001f68df83c0
Event: 7.218 Thread 0x00000163f0e1c030 DEOPT UNPACKING pc=0x00000163e16266a3 sp=0x0000001f68df8348 mode 2
Event: 7.927 Thread 0x00000163f0e1c030 Uncommon trap: trap_request=0xffffff45 fr.pc=0x00000163e1c670bc relative=0x000000000000013c
Event: 7.927 Thread 0x00000163f0e1c030 Uncommon trap: reason=unstable_if action=reinterpret pc=0x00000163e1c670bc method=org.lombokweb.asm.ByteVector.putByteArray([BII)Lorg/lombokweb/asm/ByteVector; @ 20 c2
Event: 7.927 Thread 0x00000163f0e1c030 DEOPT PACKING pc=0x00000163e1c670bc sp=0x0000001f68df27a0
Event: 7.927 Thread 0x00000163f0e1c030 DEOPT UNPACKING pc=0x00000163e16266a3 sp=0x0000001f68df2770 mode 2
Event: 7.927 Thread 0x00000163f0e1c030 Uncommon trap: trap_request=0xffffff45 fr.pc=0x00000163e1c66a48 relative=0x0000000000000328
Event: 7.927 Thread 0x00000163f0e1c030 Uncommon trap: reason=unstable_if action=reinterpret pc=0x00000163e1c66a48 method=org.lombokweb.asm.Label.resolve([BLorg/lombokweb/asm/ByteVector;I)Z @ 81 c2
Event: 7.927 Thread 0x00000163f0e1c030 DEOPT PACKING pc=0x00000163e1c66a48 sp=0x0000001f68df2820
Event: 7.927 Thread 0x00000163f0e1c030 DEOPT UNPACKING pc=0x00000163e16266a3 sp=0x0000001f68df2728 mode 2
Event: 8.129 Thread 0x00000163f0e1c030 DEOPT PACKING pc=0x00000163da19301e sp=0x0000001f68df9760
Event: 8.129 Thread 0x00000163f0e1c030 DEOPT UNPACKING pc=0x00000163e1626e43 sp=0x0000001f68df8c58 mode 0

Classes loaded (20 events):
Event: 7.192 Loading class java/util/zip/GZIPOutputStream
Event: 7.192 Loading class java/util/zip/GZIPOutputStream done
Event: 7.195 Loading class java/net/SocketTimeoutException
Event: 7.196 Loading class java/io/InterruptedIOException
Event: 7.196 Loading class java/io/InterruptedIOException done
Event: 7.196 Loading class java/net/SocketTimeoutException done
Event: 7.196 Loading class java/net/SocketException
Event: 7.196 Loading class java/net/SocketException done
Event: 7.196 Loading class java/net/UnknownHostException
Event: 7.196 Loading class java/net/UnknownHostException done
Event: 7.196 Loading class java/net/ProtocolException
Event: 7.196 Loading class java/net/ProtocolException done
Event: 7.218 Loading class java/lang/ThreadLocal$SuppliedThreadLocal
Event: 7.218 Loading class java/lang/ThreadLocal$SuppliedThreadLocal done
Event: 7.278 Loading class java/io/FileWriter
Event: 7.278 Loading class java/io/FileWriter done
Event: 7.278 Loading class java/lang/NegativeArraySizeException
Event: 7.278 Loading class java/lang/NegativeArraySizeException done
Event: 7.757 Loading class java/lang/invoke/MethodHandle$1
Event: 7.757 Loading class java/lang/invoke/MethodHandle$1 done

Classes unloaded (7 events):
Event: 5.896 Thread 0x00000163eb236880 Unloading class 0x000000010021a400 'java/lang/invoke/LambdaForm$MH+0x000000010021a400'
Event: 5.896 Thread 0x00000163eb236880 Unloading class 0x000000010021a000 'java/lang/invoke/LambdaForm$MH+0x000000010021a000'
Event: 5.896 Thread 0x00000163eb236880 Unloading class 0x0000000100219c00 'java/lang/invoke/LambdaForm$MH+0x0000000100219c00'
Event: 5.896 Thread 0x00000163eb236880 Unloading class 0x0000000100219800 'java/lang/invoke/LambdaForm$MH+0x0000000100219800'
Event: 5.896 Thread 0x00000163eb236880 Unloading class 0x0000000100219400 'java/lang/invoke/LambdaForm$BMH+0x0000000100219400'
Event: 5.896 Thread 0x00000163eb236880 Unloading class 0x0000000100219000 'java/lang/invoke/LambdaForm$DMH+0x0000000100219000'
Event: 5.896 Thread 0x00000163eb236880 Unloading class 0x0000000100214400 'java/lang/invoke/LambdaForm$DMH+0x0000000100214400'

Classes redefined (0 events):
No events

Internal exceptions (20 events):
Event: 5.288 Thread 0x00000163f0e1c030 Exception <a 'java/io/FileNotFoundException'{0x00000000ec30f0e8}> (0x00000000ec30f0e8) 
thrown [s\src\hotspot\share\prims\jni.cpp, line 516]
Event: 5.676 Thread 0x00000163f0e1c030 Exception <a 'java/lang/NoSuchMethodError'{0x00000000ead1f7d0}: 'java.lang.Object java.lang.invoke.DirectMethodHandle$Holder.newInvokeSpecial(java.lang.Object, java.lang.Object, java.lang.Object, java.lang.Object, java.lang.Object)'> (0x00000000ead1f7d0) 
thrown [s\src\hotspot\share\interpreter\linkResolver.cpp, line 759]
Event: 5.735 Thread 0x00000163f0e1c030 Exception <a 'java/lang/NoSuchMethodError'{0x00000000eae5ad10}: 'java.lang.Object java.lang.invoke.DirectMethodHandle$Holder.invokeStaticInit(java.lang.Object, int)'> (0x00000000eae5ad10) 
thrown [s\src\hotspot\share\interpreter\linkResolver.cpp, line 759]
Event: 5.932 Thread 0x00000163f0e1c030 Exception <a 'java/lang/NoSuchMethodError'{0x00000000eab525f0}: 'java.lang.Object java.lang.invoke.DirectMethodHandle$Holder.invokeStaticInit(java.lang.Object, int, int, int, int)'> (0x00000000eab525f0) 
thrown [s\src\hotspot\share\interpreter\linkResolver.cpp, line 759]
Event: 6.269 Thread 0x00000163f0e1c030 Exception <a 'java/lang/NoSuchMethodError'{0x00000000eac252d0}: 'java.lang.Object java.lang.invoke.DirectMethodHandle$Holder.invokeStaticInit(java.lang.Object, java.lang.Object, int, int, int, int)'> (0x00000000eac252d0) 
thrown [s\src\hotspot\share\interpreter\linkResolver.cpp, line 759]
Event: 6.556 Thread 0x00000163f0e1c030 Exception <a 'java/lang/NoSuchMethodError'{0x00000000eaf22980}: 'java.lang.Object java.lang.invoke.DirectMethodHandle$Holder.invokeSpecial(java.lang.Object, java.lang.Object, java.lang.Object, long, java.lang.Object)'> (0x00000000eaf22980) 
thrown [s\src\hotspot\share\interpreter\linkResolver.cpp, line 759]
Event: 6.557 Thread 0x00000163f0e1c030 Exception <a 'java/lang/NoSuchMethodError'{0x00000000eaf2ab38}: 'java.lang.Object java.lang.invoke.DirectMethodHandle$Holder.newInvokeSpecial(java.lang.Object, java.lang.Object, java.lang.Object, long)'> (0x00000000eaf2ab38) 
thrown [s\src\hotspot\share\interpreter\linkResolver.cpp, line 759]
Event: 6.558 Thread 0x00000163f0e1c030 Exception <a 'java/lang/NoSuchMethodError'{0x00000000eaf2f0d8}: 'java.lang.Object java.lang.invoke.DirectMethodHandle$Holder.invokeSpecial(java.lang.Object, java.lang.Object, java.lang.Object, java.lang.Object, long)'> (0x00000000eaf2f0d8) 
thrown [s\src\hotspot\share\interpreter\linkResolver.cpp, line 759]
Event: 6.558 Thread 0x00000163f0e1c030 Exception <a 'java/lang/NoSuchMethodError'{0x00000000eaf32f50}: 'java.lang.Object java.lang.invoke.Invokers$Holder.linkToTargetMethod(java.lang.Object, java.lang.Object, long, java.lang.Object)'> (0x00000000eaf32f50) 
thrown [s\src\hotspot\share\interpreter\linkResolver.cpp, line 759]
Event: 6.715 Thread 0x00000163f0e1c030 Exception <a 'java/lang/NoSuchMethodError'{0x00000000eaf86d08}: 'int java.lang.invoke.DirectMethodHandle$Holder.invokeStaticInit(java.lang.Object, java.lang.Object, java.lang.Object)'> (0x00000000eaf86d08) 
thrown [s\src\hotspot\share\interpreter\linkResolver.cpp, line 759]
Event: 6.850 Thread 0x00000163f0e1c030 Exception <a 'java/lang/IncompatibleClassChangeError'{0x00000000eb1ce6d8}: Found class java.lang.Object, but interface was expected> (0x00000000eb1ce6d8) 
thrown [s\src\hotspot\share\interpreter\linkResolver.cpp, line 826]
Event: 6.856 Thread 0x00000163f0e1c030 Exception <a 'java/lang/NoSuchMethodError'{0x00000000eb1e1338}: 'java.lang.Object java.lang.invoke.DirectMethodHandle$Holder.invokeSpecial(java.lang.Object, java.lang.Object, java.lang.Object, int, java.lang.Object, java.lang.Object)'> (0x00000000eb1e1338) 
thrown [s\src\hotspot\share\interpreter\linkResolver.cpp, line 759]
Event: 6.857 Thread 0x00000163f0e1c030 Exception <a 'java/lang/NoSuchMethodError'{0x00000000eb1e9ac0}: 'java.lang.Object java.lang.invoke.DirectMethodHandle$Holder.newInvokeSpecial(java.lang.Object, java.lang.Object, java.lang.Object, int, java.lang.Object)'> (0x00000000eb1e9ac0) 
thrown [s\src\hotspot\share\interpreter\linkResolver.cpp, line 759]
Event: 6.857 Thread 0x00000163f0e1c030 Exception <a 'java/lang/NoSuchMethodError'{0x00000000eb1edf18}: 'java.lang.Object java.lang.invoke.DirectMethodHandle$Holder.invokeSpecial(java.lang.Object, java.lang.Object, java.lang.Object, java.lang.Object, int, java.lang.Object)'> (0x00000000eb1edf18) 
thrown [s\src\hotspot\share\interpreter\linkResolver.cpp, line 759]
Event: 6.859 Thread 0x00000163f0e99910 Exception <a 'java/lang/NoSuchMethodError'{0x00000000eaf96f98}: 'java.lang.Object java.lang.invoke.DirectMethodHandle$Holder.invokeSpecial(java.lang.Object, java.lang.Object, int, java.lang.Object, java.lang.Object)'> (0x00000000eaf96f98) 
thrown [s\src\hotspot\share\interpreter\linkResolver.cpp, line 759]
Event: 6.859 Thread 0x00000163f0e99910 Exception <a 'java/lang/NoSuchMethodError'{0x00000000eaf9e668}: 'java.lang.Object java.lang.invoke.DirectMethodHandle$Holder.newInvokeSpecial(java.lang.Object, java.lang.Object, int, java.lang.Object)'> (0x00000000eaf9e668) 
thrown [s\src\hotspot\share\interpreter\linkResolver.cpp, line 759]
Event: 6.860 Thread 0x00000163f0e99910 Exception <a 'java/lang/NoSuchMethodError'{0x00000000eafa2178}: 'java.lang.Object java.lang.invoke.DirectMethodHandle$Holder.invokeSpecial(java.lang.Object, java.lang.Object, java.lang.Object, int, java.lang.Object)'> (0x00000000eafa2178) 
thrown [s\src\hotspot\share\interpreter\linkResolver.cpp, line 759]
Event: 6.991 Thread 0x00000163f0e1c030 Exception <a 'java/lang/NoSuchMethodError'{0x00000000eb524950}: 'double java.lang.invoke.DirectMethodHandle$Holder.invokeStatic(java.lang.Object, java.lang.Object)'> (0x00000000eb524950) 
thrown [s\src\hotspot\share\interpreter\linkResolver.cpp, line 759]
Event: 6.992 Thread 0x00000163f0e1c030 Exception <a 'java/lang/NoSuchMethodError'{0x00000000eb528268}: 'double java.lang.invoke.DirectMethodHandle$Holder.invokeStaticInit(java.lang.Object, java.lang.Object)'> (0x00000000eb528268) 
thrown [s\src\hotspot\share\interpreter\linkResolver.cpp, line 759]
Event: 7.927 Thread 0x00000163f0e1c030 Implicit null exception at 0x00000163e1c66fc9 to 0x00000163e1c6709c

VM Operations (20 events):
Event: 4.790 Executing VM operation: HandshakeAllThreads
Event: 4.790 Executing VM operation: HandshakeAllThreads done
Event: 5.083 Executing VM operation: HandshakeAllThreads
Event: 5.083 Executing VM operation: HandshakeAllThreads done
Event: 5.083 Executing VM operation: Cleanup
Event: 5.083 Executing VM operation: Cleanup done
Event: 5.343 Executing VM operation: ParallelGCFailedAllocation
Event: 5.349 Executing VM operation: ParallelGCFailedAllocation done
Event: 5.881 Executing VM operation: CollectForMetadataAllocation
Event: 5.925 Executing VM operation: CollectForMetadataAllocation done
Event: 5.949 Executing VM operation: HandshakeAllThreads
Event: 5.949 Executing VM operation: HandshakeAllThreads done
Event: 6.433 Executing VM operation: HandshakeAllThreads
Event: 6.433 Executing VM operation: HandshakeAllThreads done
Event: 6.749 Executing VM operation: HandshakeAllThreads
Event: 6.749 Executing VM operation: HandshakeAllThreads done
Event: 6.770 Executing VM operation: HandshakeAllThreads
Event: 6.770 Executing VM operation: HandshakeAllThreads done
Event: 7.429 Executing VM operation: ParallelGCFailedAllocation
Event: 7.431 Executing VM operation: ParallelGCFailedAllocation done

Events (20 events):
Event: 0.121 Thread 0x00000163d74be230 Thread added: 0x00000163d74be230
Event: 0.129 Thread 0x00000163f04763b0 Thread added: 0x00000163f04763b0
Event: 0.132 Thread 0x00000163f0493060 Thread added: 0x00000163f0493060
Event: 0.241 Thread 0x00000163f0543010 Thread added: 0x00000163f0543010
Event: 0.794 Thread 0x00000163f07137f0 Thread added: 0x00000163f07137f0
Event: 1.064 Thread 0x00000163f077abe0 Thread added: 0x00000163f077abe0
Event: 1.257 Thread 0x00000163f077abe0 Thread exited: 0x00000163f077abe0
Event: 1.355 Thread 0x00000163f0a321d0 Thread added: 0x00000163f0a321d0
Event: 2.138 Thread 0x00000163f0a321d0 Thread exited: 0x00000163f0a321d0
Event: 2.682 Thread 0x00000163f0af4610 Thread added: 0x00000163f0af4610
Event: 3.121 Thread 0x00000163f0eab950 Thread added: 0x00000163f0eab950
Event: 3.597 Thread 0x00000163f0e34ff0 Thread added: 0x00000163f0e34ff0
Event: 3.602 Thread 0x00000163f0e1c030 Thread added: 0x00000163f0e1c030
Event: 3.712 Thread 0x00000163f0af4610 Thread exited: 0x00000163f0af4610
Event: 3.781 Thread 0x00000163f0e9a840 Thread added: 0x00000163f0e9a840
Event: 4.202 Thread 0x00000163f0e9a330 Thread added: 0x00000163f0e9a330
Event: 4.874 Thread 0x00000163f0e97090 Thread added: 0x00000163f0e97090
Event: 6.459 Thread 0x00000163f0e99400 Thread added: 0x00000163f0e99400
Event: 6.561 Thread 0x00000163f0e99910 Thread added: 0x00000163f0e99910
Event: 6.863 Thread 0x00000163f0e97ab0 Thread added: 0x00000163f0e97ab0


Dynamic libraries:
0x00007ff76a0e0000 - 0x00007ff76a0ee000 	c:\Users\user\.vscode\extensions\redhat.java-1.34.0-win32-x64\jre\17.0.12-win32-x86_64\bin\java.exe
0x00007fffb1df0000 - 0x00007fffb1fe8000 	C:\Windows\SYSTEM32\ntdll.dll
0x00007fffb1320000 - 0x00007fffb13e1000 	C:\Windows\System32\KERNEL32.DLL
0x00007fffaf9d0000 - 0x00007fffafccd000 	C:\Windows\System32\KERNELBASE.dll
0x00007fffaf8a0000 - 0x00007fffaf9a0000 	C:\Windows\System32\ucrtbase.dll
0x00007fffa9f80000 - 0x00007fffa9f97000 	c:\Users\user\.vscode\extensions\redhat.java-1.34.0-win32-x64\jre\17.0.12-win32-x86_64\bin\jli.dll
0x00007fffb1180000 - 0x00007fffb131d000 	C:\Windows\System32\USER32.dll
0x00007fffafcd0000 - 0x00007fffafcf2000 	C:\Windows\System32\win32u.dll
0x00007fffafe20000 - 0x00007fffafe4b000 	C:\Windows\System32\GDI32.dll
0x00007fffaf4f0000 - 0x00007fffaf607000 	C:\Windows\System32\gdi32full.dll
0x00007fffaf610000 - 0x00007fffaf6ad000 	C:\Windows\System32\msvcp_win.dll
0x00007fff9c380000 - 0x00007fff9c39b000 	c:\Users\user\.vscode\extensions\redhat.java-1.34.0-win32-x64\jre\17.0.12-win32-x86_64\bin\VCRUNTIME140.dll
0x00007fff96e90000 - 0x00007fff9712a000 	C:\Windows\WinSxS\amd64_microsoft.windows.common-controls_6595b64144ccf1df_6.0.19041.4355_none_60b8b9eb71f62e16\COMCTL32.dll
0x00007fffb0710000 - 0x00007fffb07ae000 	C:\Windows\System32\msvcrt.dll
0x00007fffb0ee0000 - 0x00007fffb0f0f000 	C:\Windows\System32\IMM32.DLL
0x00007fffa9f30000 - 0x00007fffa9f3c000 	c:\Users\user\.vscode\extensions\redhat.java-1.34.0-win32-x64\jre\17.0.12-win32-x86_64\bin\vcruntime140_1.dll
0x00007fff62bd0000 - 0x00007fff62c5d000 	c:\Users\user\.vscode\extensions\redhat.java-1.34.0-win32-x64\jre\17.0.12-win32-x86_64\bin\msvcp140.dll
0x00007fff02cd0000 - 0x00007fff0393a000 	c:\Users\user\.vscode\extensions\redhat.java-1.34.0-win32-x64\jre\17.0.12-win32-x86_64\bin\server\jvm.dll
0x00007fffb1d00000 - 0x00007fffb1db0000 	C:\Windows\System32\ADVAPI32.dll
0x00007fffb0d10000 - 0x00007fffb0db0000 	C:\Windows\System32\sechost.dll
0x00007fffb1050000 - 0x00007fffb1173000 	C:\Windows\System32\RPCRT4.dll
0x00007fffaf9a0000 - 0x00007fffaf9c7000 	C:\Windows\System32\bcrypt.dll
0x00007fffb1590000 - 0x00007fffb15fb000 	C:\Windows\System32\WS2_32.dll
0x00007fffaea30000 - 0x00007fffaea7b000 	C:\Windows\SYSTEM32\POWRPROF.dll
0x00007fff97d90000 - 0x00007fff97db7000 	C:\Windows\SYSTEM32\WINMM.dll
0x00007fffa1dd0000 - 0x00007fffa1dda000 	C:\Windows\SYSTEM32\VERSION.dll
0x00007fffae8a0000 - 0x00007fffae8b2000 	C:\Windows\SYSTEM32\UMPDC.dll
0x00007fffadcc0000 - 0x00007fffadcd2000 	C:\Windows\SYSTEM32\kernel.appcore.dll
0x00007fffa9cb0000 - 0x00007fffa9cba000 	c:\Users\user\.vscode\extensions\redhat.java-1.34.0-win32-x64\jre\17.0.12-win32-x86_64\bin\jimage.dll
0x00007fff95ab0000 - 0x00007fff95c94000 	C:\Windows\SYSTEM32\DBGHELP.DLL
0x00007fff96150000 - 0x00007fff96184000 	C:\Windows\SYSTEM32\dbgcore.DLL
0x00007fffaf810000 - 0x00007fffaf892000 	C:\Windows\System32\bcryptPrimitives.dll
0x00007fff99410000 - 0x00007fff9941e000 	c:\Users\user\.vscode\extensions\redhat.java-1.34.0-win32-x64\jre\17.0.12-win32-x86_64\bin\instrument.dll
0x00007fff8bfa0000 - 0x00007fff8bfc5000 	c:\Users\user\.vscode\extensions\redhat.java-1.34.0-win32-x64\jre\17.0.12-win32-x86_64\bin\java.dll
0x00007fff993f0000 - 0x00007fff99408000 	c:\Users\user\.vscode\extensions\redhat.java-1.34.0-win32-x64\jre\17.0.12-win32-x86_64\bin\zip.dll
0x00007fffaffa0000 - 0x00007fffb070f000 	C:\Windows\System32\SHELL32.dll
0x00007fffad0b0000 - 0x00007fffad853000 	C:\Windows\SYSTEM32\windows.storage.dll
0x00007fffb16b0000 - 0x00007fffb1a03000 	C:\Windows\System32\combase.dll
0x00007fffaeed0000 - 0x00007fffaeefe000 	C:\Windows\SYSTEM32\Wldp.dll
0x00007fffb0f20000 - 0x00007fffb0fed000 	C:\Windows\System32\OLEAUT32.dll
0x00007fffb1480000 - 0x00007fffb152d000 	C:\Windows\System32\SHCORE.dll
0x00007fffb1a10000 - 0x00007fffb1a65000 	C:\Windows\System32\shlwapi.dll
0x00007fffaf3d0000 - 0x00007fffaf3f4000 	C:\Windows\SYSTEM32\profapi.dll
0x00007fff88fb0000 - 0x00007fff88fc9000 	C:\Users\user\.vscode\extensions\redhat.java-1.34.0-win32-x64\jre\17.0.12-win32-x86_64\bin\net.dll
0x00007fffa68e0000 - 0x00007fffa69ed000 	C:\Windows\SYSTEM32\WINHTTP.dll
0x00007fffaec30000 - 0x00007fffaec9a000 	C:\Windows\system32\mswsock.dll
0x00007fff88eb0000 - 0x00007fff88ec6000 	C:\Users\user\.vscode\extensions\redhat.java-1.34.0-win32-x64\jre\17.0.12-win32-x86_64\bin\nio.dll
0x00007fff93c90000 - 0x00007fff93ca0000 	c:\Users\user\.vscode\extensions\redhat.java-1.34.0-win32-x64\jre\17.0.12-win32-x86_64\bin\verify.dll
0x00007fff74960000 - 0x00007fff749a5000 	C:\Users\user\AppData\Roaming\Code\User\globalStorage\redhat.java\1.34.0\config_ss_win\org.eclipse.equinox.launcher\org.eclipse.equinox.launcher.win32.win32.x86_64_1.2.1100.v20240722-2106\eclipse_11904.dll
0x00007fffb0db0000 - 0x00007fffb0edb000 	C:\Windows\System32\ole32.dll
0x00007fffaee20000 - 0x00007fffaee38000 	C:\Windows\SYSTEM32\CRYPTSP.dll
0x00007fffae4e0000 - 0x00007fffae514000 	C:\Windows\system32\rsaenh.dll
0x00007fffaf390000 - 0x00007fffaf3be000 	C:\Windows\SYSTEM32\USERENV.dll
0x00007fffaee40000 - 0x00007fffaee4c000 	C:\Windows\SYSTEM32\CRYPTBASE.dll
0x00007fffae8c0000 - 0x00007fffae8fb000 	C:\Windows\SYSTEM32\IPHLPAPI.DLL
0x00007fffb0f10000 - 0x00007fffb0f18000 	C:\Windows\System32\NSI.dll
0x00007fffa7d80000 - 0x00007fffa7d97000 	C:\Windows\SYSTEM32\dhcpcsvc6.DLL
0x00007fffa7d40000 - 0x00007fffa7d5d000 	C:\Windows\SYSTEM32\dhcpcsvc.DLL
0x00007fffae910000 - 0x00007fffae9da000 	C:\Windows\SYSTEM32\DNSAPI.dll
0x00007fff654d0000 - 0x00007fff65515000 	C:\Users\user\AppData\Local\Temp\jna-3599307\jna15991948059489702445.dll
0x00007fffaff90000 - 0x00007fffaff98000 	C:\Windows\System32\PSAPI.DLL

dbghelp: loaded successfully - version: 4.0.5 - missing functions: none
symbol engine: initialized successfully - sym options: 0x614 - pdb path: .;c:\Users\user\.vscode\extensions\redhat.java-1.34.0-win32-x64\jre\17.0.12-win32-x86_64\bin;C:\Windows\SYSTEM32;C:\Windows\WinSxS\amd64_microsoft.windows.common-controls_6595b64144ccf1df_6.0.19041.4355_none_60b8b9eb71f62e16;c:\Users\user\.vscode\extensions\redhat.java-1.34.0-win32-x64\jre\17.0.12-win32-x86_64\bin\server;C:\Users\user\AppData\Roaming\Code\User\globalStorage\redhat.java\1.34.0\config_ss_win\org.eclipse.equinox.launcher\org.eclipse.equinox.launcher.win32.win32.x86_64_1.2.1100.v20240722-2106;C:\Users\user\AppData\Local\Temp\jna-3599307

VM Arguments:
jvm_args: --add-modules=ALL-SYSTEM --add-opens=java.base/java.util=ALL-UNNAMED --add-opens=java.base/java.lang=ALL-UNNAMED --add-opens=java.base/sun.nio.fs=ALL-UNNAMED -Declipse.application=org.eclipse.jdt.ls.core.id1 -Dosgi.bundles.defaultStartLevel=4 -Declipse.product=org.eclipse.jdt.ls.core.product -Djava.import.generatesMetadataFilesAtProjectRoot=false -DDetectVMInstallationsJob.disabled=true -Dfile.encoding=utf8 -XX:+UseParallelGC -XX:GCTimeRatio=4 -XX:AdaptiveSizePolicyWeight=90 -Dsun.zip.disableMemoryMapping=true -Xmx1G -Xms100m -Xlog:disable -javaagent:c:\Users\user\.vscode\extensions\redhat.java-1.34.0-win32-x64\lombok\lombok-1.18.33.jar 
java_command: c:\Users\user\.vscode\extensions\redhat.java-1.34.0-win32-x64\server\plugins\org.eclipse.equinox.launcher_1.6.900.v20240613-2009.jar -configuration c:\Users\user\AppData\Roaming\Code\User\globalStorage\redhat.java\1.34.0\config_ss_win -data c:\Users\user\AppData\Roaming\Code\User\workspaceStorage\a669838097043aebdc5896f5764c4eb6\redhat.java\ss_ws --pipe=\\.\pipe\lsp-f2881b93f765787e15af913a0270194f-sock
java_class_path (initial): c:\Users\user\.vscode\extensions\redhat.java-1.34.0-win32-x64\server\plugins\org.eclipse.equinox.launcher_1.6.900.v20240613-2009.jar
Launcher Type: SUN_STANDARD

[Global flags]
    uintx AdaptiveSizePolicyWeight                 = 90                                        {product} {command line}
     intx CICompilerCount                          = 3                                         {product} {ergonomic}
    uintx GCTimeRatio                              = 4                                         {product} {command line}
   size_t InitialHeapSize                          = 104857600                                 {product} {command line}
   size_t MaxHeapSize                              = 1073741824                                {product} {command line}
   size_t MaxNewSize                               = 357564416                                 {product} {ergonomic}
   size_t MinHeapDeltaBytes                        = 524288                                    {product} {ergonomic}
   size_t MinHeapSize                              = 104857600                                 {product} {command line}
   size_t NewSize                                  = 34603008                                  {product} {ergonomic}
    uintx NonNMethodCodeHeapSize                   = 5832780                                {pd product} {ergonomic}
    uintx NonProfiledCodeHeapSize                  = 122912730                              {pd product} {ergonomic}
   size_t OldSize                                  = 70254592                                  {product} {ergonomic}
    uintx ProfiledCodeHeapSize                     = 122912730                              {pd product} {ergonomic}
    uintx ReservedCodeCacheSize                    = 251658240                              {pd product} {ergonomic}
     bool SegmentedCodeCache                       = true                                      {product} {ergonomic}
   size_t SoftMaxHeapSize                          = 1073741824                             {manageable} {ergonomic}
     bool UseCompressedClassPointers               = true                           {product lp64_product} {ergonomic}
     bool UseCompressedOops                        = true                           {product lp64_product} {ergonomic}
     bool UseLargePagesIndividualAllocation        = false                                  {pd product} {ergonomic}
     bool UseParallelGC                            = true                                      {product} {command line}

Logging:
Log output configuration:
 #0: stdout all=off uptime,level,tags
 #1: stderr all=off uptime,level,tags

Environment Variables:
JAVA_HOME=C:\Program Files\Java\jdk-21
PATH=C:\Program Files\Common Files\Oracle\Java\javapath;C:\Program Files (x86)\Common Files\Oracle\Java\java8path;C:\Program Files (x86)\Common Files\Oracle\Java\javapath;C:\Windows\system32;C:\Windows;C:\Windows\System32\Wbem;C:\Windows\System32\WindowsPowerShell\v1.0\;C:\Windows\System32\OpenSSH\;C:\Program Files\Microsoft SQL Server\130\Tools\Binn\;C:\Program Files\Git\cmd;C:\Program Files\Microsoft SQL Server\150\Tools\Binn\;C:\Program Files\nodejs\;C:\ProgramData\chocolatey\bin;C:\Program Files\Java\jdk-21\bin;C:\cygwin64\bin;C:\Program Files (x86)\Microsoft SQL Server\160\Tools\Binn\;C:\Program Files\Microsoft SQL Server\160\Tools\Binn\;C:\Program Files\Microsoft SQL Server\Client SDK\ODBC\170\Tools\Binn\;C:\Program Files\Microsoft SQL Server\160\DTS\Binn\;C:\Program Files (x86)\Microsoft SQL Server\160\DTS\Binn\;C:\Program Files\dotnet\;C:\Users\user\AppData\Local\Microsoft\WindowsApps;C:\Program Files\Java\jdk-21\bin;C:\Program Files\Android\build-tools\29.0.3;C:\Program Files\Android\tools;C:\Program Files\Android\platform-tools;C:\Users\user\AppData\Local\Programs\Microsoft VS Code\bin;C:\Users\user\AppData\Roaming\npm;C:\Program Files\Java\jdk-21\bin;C:\Users\user\AppData\Local\Muse Hub\lib
USERNAME=user
OS=Windows_NT
PROCESSOR_IDENTIFIER=Intel64 Family 6 Model 78 Stepping 3, GenuineIntel
TMP=C:\Users\user\AppData\Local\Temp
TEMP=C:\Users\user\AppData\Local\Temp



Periodic native trim disabled


---------------  S Y S T E M  ---------------

OS:
 Windows 10 , 64 bit Build 19041 (10.0.19041.4842)
OS uptime: 1 days 21:37 hours

CPU: total 4 (initial active 4) (2 cores per cpu, 2 threads per core) family 6 model 78 stepping 3 microcode 0xd6, cx8, cmov, fxsr, ht, mmx, 3dnowpref, sse, sse2, sse3, ssse3, sse4.1, sse4.2, popcnt, lzcnt, tsc, tscinvbit, avx, avx2, aes, erms, clmul, bmi1, bmi2, rtm, adx, fma, vzeroupper, clflush, clflushopt
Processor Information for all 4 processors :
  Max Mhz: 2808, Current Mhz: 2607, Mhz Limit: 2583

Memory: 4k page, system-wide physical 15783M (2398M free)
TotalPageFile size 22102M (AvailPageFile size 10M)
current process WorkingSet (physical memory assigned to process): 133M, peak: 133M
current process commit charge ("private bytes"): 228M, peak: 228M

vm_info: OpenJDK 64-Bit Server VM (17.0.12+7) for windows-amd64 JRE (17.0.12+7), built on Jul 16 2024 22:08:24 by "admin" with MS VC++ 16.10 / 16.11 (VS2019)

END.
